The system is: Linux - 6.6.74+rpt-rpi-v8 - aarch64
Compiling the C compiler identification source file "CMakeCCompilerId.c" succeeded.
Compiler: /usr/bin/cc 
Build flags: 
Id flags:  

The output was:
0


Compilation of the C compiler identification source "CMakeCCompilerId.c" produced "a.out"

The C compiler identification is GNU, found in "/home/lihuen/Documents/lab3/part2/AtlasThingMiddleware_RPI-master/lib/CMakeFiles/3.25.1/CompilerIdC/a.out"

Compiling the CXX compiler identification source file "CMakeCXXCompilerId.cpp" succeeded.
Compiler: /usr/bin/c++ 
Build flags: 
Id flags:  

The output was:
0


Compilation of the CXX compiler identification source "CMakeCXXCompilerId.cpp" produced "a.out"

The CXX compiler identification is GNU, found in "/home/lihuen/Documents/lab3/part2/AtlasThingMiddleware_RPI-master/lib/CMakeFiles/3.25.1/CompilerIdCXX/a.out"

Detecting C compiler ABI info compiled with the following output:
Change Dir: /home/lihuen/Documents/lab3/part2/AtlasThingMiddleware_RPI-master/lib/CMakeFiles/CMakeScratch/TryCompile-5BilGq

Run Build Command(s):/usr/bin/gmake -f Makefile cmTC_f6424/fast && /usr/bin/gmake  -f CMakeFiles/cmTC_f6424.dir/build.make CMakeFiles/cmTC_f6424.dir/build
gmake[1]: Entering directory '/home/lihuen/Documents/lab3/part2/AtlasThingMiddleware_RPI-master/lib/CMakeFiles/CMakeScratch/TryCompile-5BilGq'
Building C object CMakeFiles/cmTC_f6424.dir/CMakeCCompilerABI.c.o
/usr/bin/cc   -v -o CMakeFiles/cmTC_f6424.dir/CMakeCCompilerABI.c.o -c /usr/share/cmake-3.25/Modules/CMakeCCompilerABI.c
Using built-in specs.
COLLECT_GCC=/usr/bin/cc
Target: aarch64-linux-gnu
Configured with: ../src/configure -v --with-pkgversion='Debian 12.2.0-14' --with-bugurl=file:///usr/share/doc/gcc-12/README.Bugs --enable-languages=c,ada,c++,go,d,fortran,objc,obj-c++,m2 --prefix=/usr --with-gcc-major-version-only --program-suffix=-12 --program-prefix=aarch64-linux-gnu- --enable-shared --enable-linker-build-id --libexecdir=/usr/lib --without-included-gettext --enable-threads=posix --libdir=/usr/lib --enable-nls --enable-clocale=gnu --enable-libstdcxx-debug --enable-libstdcxx-time=yes --with-default-libstdcxx-abi=new --enable-gnu-unique-object --disable-libquadmath --disable-libquadmath-support --enable-plugin --enable-default-pie --with-system-zlib --enable-libphobos-checking=release --with-target-system-zlib=auto --enable-objc-gc=auto --enable-multiarch --enable-fix-cortex-a53-843419 --disable-werror --enable-checking=release --build=aarch64-linux-gnu --host=aarch64-linux-gnu --target=aarch64-linux-gnu
Thread model: posix
Supported LTO compression algorithms: zlib zstd
gcc version 12.2.0 (Debian 12.2.0-14) 
COLLECT_GCC_OPTIONS='-v' '-o' 'CMakeFiles/cmTC_f6424.dir/CMakeCCompilerABI.c.o' '-c' '-mlittle-endian' '-mabi=lp64' '-dumpdir' 'CMakeFiles/cmTC_f6424.dir/'
 /usr/lib/gcc/aarch64-linux-gnu/12/cc1 -quiet -v -imultiarch aarch64-linux-gnu /usr/share/cmake-3.25/Modules/CMakeCCompilerABI.c -quiet -dumpdir CMakeFiles/cmTC_f6424.dir/ -dumpbase CMakeCCompilerABI.c.c -dumpbase-ext .c -mlittle-endian -mabi=lp64 -version -fasynchronous-unwind-tables -o /tmp/ccLNBlge.s
GNU C17 (Debian 12.2.0-14) version 12.2.0 (aarch64-linux-gnu)
	compiled by GNU C version 12.2.0, GMP version 6.2.1, MPFR version 4.1.1-p1, MPC version 1.3.1, isl version isl-0.25-GMP

warning: MPFR header version 4.1.1-p1 differs from library version 4.2.0.
GGC heuristics: --param ggc-min-expand=100 --param ggc-min-heapsize=131072
ignoring nonexistent directory "/usr/local/include/aarch64-linux-gnu"
ignoring nonexistent directory "/usr/lib/gcc/aarch64-linux-gnu/12/include-fixed"
ignoring nonexistent directory "/usr/lib/gcc/aarch64-linux-gnu/12/../../../../aarch64-linux-gnu/include"
#include "..." search starts here:
#include <...> search starts here:
 /usr/lib/gcc/aarch64-linux-gnu/12/include
 /usr/local/include
 /usr/include/aarch64-linux-gnu
 /usr/include
End of search list.
GNU C17 (Debian 12.2.0-14) version 12.2.0 (aarch64-linux-gnu)
	compiled by GNU C version 12.2.0, GMP version 6.2.1, MPFR version 4.1.1-p1, MPC version 1.3.1, isl version isl-0.25-GMP

warning: MPFR header version 4.1.1-p1 differs from library version 4.2.0.
GGC heuristics: --param ggc-min-expand=100 --param ggc-min-heapsize=131072
Compiler executable checksum: f1bacec099212325d0da3c77e1f38897
COLLECT_GCC_OPTIONS='-v' '-o' 'CMakeFiles/cmTC_f6424.dir/CMakeCCompilerABI.c.o' '-c' '-mlittle-endian' '-mabi=lp64' '-dumpdir' 'CMakeFiles/cmTC_f6424.dir/'
 as -v -EL -mabi=lp64 -o CMakeFiles/cmTC_f6424.dir/CMakeCCompilerABI.c.o /tmp/ccLNBlge.s
GNU assembler version 2.40 (aarch64-linux-gnu) using BFD version (GNU Binutils for Debian) 2.40
COMPILER_PATH=/usr/lib/gcc/aarch64-linux-gnu/12/:/usr/lib/gcc/aarch64-linux-gnu/12/:/usr/lib/gcc/aarch64-linux-gnu/:/usr/lib/gcc/aarch64-linux-gnu/12/:/usr/lib/gcc/aarch64-linux-gnu/
LIBRARY_PATH=/usr/lib/gcc/aarch64-linux-gnu/12/:/usr/lib/gcc/aarch64-linux-gnu/12/../../../aarch64-linux-gnu/:/usr/lib/gcc/aarch64-linux-gnu/12/../../../../lib/:/lib/aarch64-linux-gnu/:/lib/../lib/:/usr/lib/aarch64-linux-gnu/:/usr/lib/../lib/:/usr/lib/gcc/aarch64-linux-gnu/12/../../../:/lib/:/usr/lib/
COLLECT_GCC_OPTIONS='-v' '-o' 'CMakeFiles/cmTC_f6424.dir/CMakeCCompilerABI.c.o' '-c' '-mlittle-endian' '-mabi=lp64' '-dumpdir' 'CMakeFiles/cmTC_f6424.dir/CMakeCCompilerABI.c.'
Linking C executable cmTC_f6424
/usr/bin/cmake -E cmake_link_script CMakeFiles/cmTC_f6424.dir/link.txt --verbose=1
/usr/bin/cc  -v -rdynamic CMakeFiles/cmTC_f6424.dir/CMakeCCompilerABI.c.o -o cmTC_f6424 
Using built-in specs.
COLLECT_GCC=/usr/bin/cc
COLLECT_LTO_WRAPPER=/usr/lib/gcc/aarch64-linux-gnu/12/lto-wrapper
Target: aarch64-linux-gnu
Configured with: ../src/configure -v --with-pkgversion='Debian 12.2.0-14' --with-bugurl=file:///usr/share/doc/gcc-12/README.Bugs --enable-languages=c,ada,c++,go,d,fortran,objc,obj-c++,m2 --prefix=/usr --with-gcc-major-version-only --program-suffix=-12 --program-prefix=aarch64-linux-gnu- --enable-shared --enable-linker-build-id --libexecdir=/usr/lib --without-included-gettext --enable-threads=posix --libdir=/usr/lib --enable-nls --enable-clocale=gnu --enable-libstdcxx-debug --enable-libstdcxx-time=yes --with-default-libstdcxx-abi=new --enable-gnu-unique-object --disable-libquadmath --disable-libquadmath-support --enable-plugin --enable-default-pie --with-system-zlib --enable-libphobos-checking=release --with-target-system-zlib=auto --enable-objc-gc=auto --enable-multiarch --enable-fix-cortex-a53-843419 --disable-werror --enable-checking=release --build=aarch64-linux-gnu --host=aarch64-linux-gnu --target=aarch64-linux-gnu
Thread model: posix
Supported LTO compression algorithms: zlib zstd
gcc version 12.2.0 (Debian 12.2.0-14) 
COMPILER_PATH=/usr/lib/gcc/aarch64-linux-gnu/12/:/usr/lib/gcc/aarch64-linux-gnu/12/:/usr/lib/gcc/aarch64-linux-gnu/:/usr/lib/gcc/aarch64-linux-gnu/12/:/usr/lib/gcc/aarch64-linux-gnu/
LIBRARY_PATH=/usr/lib/gcc/aarch64-linux-gnu/12/:/usr/lib/gcc/aarch64-linux-gnu/12/../../../aarch64-linux-gnu/:/usr/lib/gcc/aarch64-linux-gnu/12/../../../../lib/:/lib/aarch64-linux-gnu/:/lib/../lib/:/usr/lib/aarch64-linux-gnu/:/usr/lib/../lib/:/usr/lib/gcc/aarch64-linux-gnu/12/../../../:/lib/:/usr/lib/
COLLECT_GCC_OPTIONS='-v' '-rdynamic' '-o' 'cmTC_f6424' '-mlittle-endian' '-mabi=lp64' '-dumpdir' 'cmTC_f6424.'
 /usr/lib/gcc/aarch64-linux-gnu/12/collect2 -plugin /usr/lib/gcc/aarch64-linux-gnu/12/liblto_plugin.so -plugin-opt=/usr/lib/gcc/aarch64-linux-gnu/12/lto-wrapper -plugin-opt=-fresolution=/tmp/ccMdQ2KO.res -plugin-opt=-pass-through=-lgcc -plugin-opt=-pass-through=-lgcc_s -plugin-opt=-pass-through=-lc -plugin-opt=-pass-through=-lgcc -plugin-opt=-pass-through=-lgcc_s --build-id --eh-frame-hdr --hash-style=gnu --as-needed -export-dynamic -dynamic-linker /lib/ld-linux-aarch64.so.1 -X -EL -maarch64linux --fix-cortex-a53-843419 -pie -o cmTC_f6424 /usr/lib/gcc/aarch64-linux-gnu/12/../../../aarch64-linux-gnu/Scrt1.o /usr/lib/gcc/aarch64-linux-gnu/12/../../../aarch64-linux-gnu/crti.o /usr/lib/gcc/aarch64-linux-gnu/12/crtbeginS.o -L/usr/lib/gcc/aarch64-linux-gnu/12 -L/usr/lib/gcc/aarch64-linux-gnu/12/../../../aarch64-linux-gnu -L/usr/lib/gcc/aarch64-linux-gnu/12/../../../../lib -L/lib/aarch64-linux-gnu -L/lib/../lib -L/usr/lib/aarch64-linux-gnu -L/usr/lib/../lib -L/usr/lib/gcc/aarch64-linux-gnu/12/../../.. CMakeFiles/cmTC_f6424.dir/CMakeCCompilerABI.c.o -lgcc --push-state --as-needed -lgcc_s --pop-state -lc -lgcc --push-state --as-needed -lgcc_s --pop-state /usr/lib/gcc/aarch64-linux-gnu/12/crtendS.o /usr/lib/gcc/aarch64-linux-gnu/12/../../../aarch64-linux-gnu/crtn.o
COLLECT_GCC_OPTIONS='-v' '-rdynamic' '-o' 'cmTC_f6424' '-mlittle-endian' '-mabi=lp64' '-dumpdir' 'cmTC_f6424.'
gmake[1]: Leaving directory '/home/lihuen/Documents/lab3/part2/AtlasThingMiddleware_RPI-master/lib/CMakeFiles/CMakeScratch/TryCompile-5BilGq'



Parsed C implicit include dir info from above output: rv=done
  found start of include info
  found start of implicit include info
    add: [/usr/lib/gcc/aarch64-linux-gnu/12/include]
    add: [/usr/local/include]
    add: [/usr/include/aarch64-linux-gnu]
    add: [/usr/include]
  end of search list found
  collapse include dir [/usr/lib/gcc/aarch64-linux-gnu/12/include] ==> [/usr/lib/gcc/aarch64-linux-gnu/12/include]
  collapse include dir [/usr/local/include] ==> [/usr/local/include]
  collapse include dir [/usr/include/aarch64-linux-gnu] ==> [/usr/include/aarch64-linux-gnu]
  collapse include dir [/usr/include] ==> [/usr/include]
  implicit include dirs: [/usr/lib/gcc/aarch64-linux-gnu/12/include;/usr/local/include;/usr/include/aarch64-linux-gnu;/usr/include]


Parsed C implicit link information from above output:
  link line regex: [^( *|.*[/\])(ld|CMAKE_LINK_STARTFILE-NOTFOUND|([^/\]+-)?ld|collect2)[^/\]*( |$)]
  ignore line: [Change Dir: /home/lihuen/Documents/lab3/part2/AtlasThingMiddleware_RPI-master/lib/CMakeFiles/CMakeScratch/TryCompile-5BilGq]
  ignore line: []
  ignore line: [Run Build Command(s):/usr/bin/gmake -f Makefile cmTC_f6424/fast && /usr/bin/gmake  -f CMakeFiles/cmTC_f6424.dir/build.make CMakeFiles/cmTC_f6424.dir/build]
  ignore line: [gmake[1]: Entering directory '/home/lihuen/Documents/lab3/part2/AtlasThingMiddleware_RPI-master/lib/CMakeFiles/CMakeScratch/TryCompile-5BilGq']
  ignore line: [Building C object CMakeFiles/cmTC_f6424.dir/CMakeCCompilerABI.c.o]
  ignore line: [/usr/bin/cc   -v -o CMakeFiles/cmTC_f6424.dir/CMakeCCompilerABI.c.o -c /usr/share/cmake-3.25/Modules/CMakeCCompilerABI.c]
  ignore line: [Using built-in specs.]
  ignore line: [COLLECT_GCC=/usr/bin/cc]
  ignore line: [Target: aarch64-linux-gnu]
  ignore line: [Configured with: ../src/configure -v --with-pkgversion='Debian 12.2.0-14' --with-bugurl=file:///usr/share/doc/gcc-12/README.Bugs --enable-languages=c ada c++ go d fortran objc obj-c++ m2 --prefix=/usr --with-gcc-major-version-only --program-suffix=-12 --program-prefix=aarch64-linux-gnu- --enable-shared --enable-linker-build-id --libexecdir=/usr/lib --without-included-gettext --enable-threads=posix --libdir=/usr/lib --enable-nls --enable-clocale=gnu --enable-libstdcxx-debug --enable-libstdcxx-time=yes --with-default-libstdcxx-abi=new --enable-gnu-unique-object --disable-libquadmath --disable-libquadmath-support --enable-plugin --enable-default-pie --with-system-zlib --enable-libphobos-checking=release --with-target-system-zlib=auto --enable-objc-gc=auto --enable-multiarch --enable-fix-cortex-a53-843419 --disable-werror --enable-checking=release --build=aarch64-linux-gnu --host=aarch64-linux-gnu --target=aarch64-linux-gnu]
  ignore line: [Thread model: posix]
  ignore line: [Supported LTO compression algorithms: zlib zstd]
  ignore line: [gcc version 12.2.0 (Debian 12.2.0-14) ]
  ignore line: [COLLECT_GCC_OPTIONS='-v' '-o' 'CMakeFiles/cmTC_f6424.dir/CMakeCCompilerABI.c.o' '-c' '-mlittle-endian' '-mabi=lp64' '-dumpdir' 'CMakeFiles/cmTC_f6424.dir/']
  ignore line: [ /usr/lib/gcc/aarch64-linux-gnu/12/cc1 -quiet -v -imultiarch aarch64-linux-gnu /usr/share/cmake-3.25/Modules/CMakeCCompilerABI.c -quiet -dumpdir CMakeFiles/cmTC_f6424.dir/ -dumpbase CMakeCCompilerABI.c.c -dumpbase-ext .c -mlittle-endian -mabi=lp64 -version -fasynchronous-unwind-tables -o /tmp/ccLNBlge.s]
  ignore line: [GNU C17 (Debian 12.2.0-14) version 12.2.0 (aarch64-linux-gnu)]
  ignore line: [	compiled by GNU C version 12.2.0  GMP version 6.2.1  MPFR version 4.1.1-p1  MPC version 1.3.1  isl version isl-0.25-GMP]
  ignore line: []
  ignore line: [warning: MPFR header version 4.1.1-p1 differs from library version 4.2.0.]
  ignore line: [GGC heuristics: --param ggc-min-expand=100 --param ggc-min-heapsize=131072]
  ignore line: [ignoring nonexistent directory "/usr/local/include/aarch64-linux-gnu"]
  ignore line: [ignoring nonexistent directory "/usr/lib/gcc/aarch64-linux-gnu/12/include-fixed"]
  ignore line: [ignoring nonexistent directory "/usr/lib/gcc/aarch64-linux-gnu/12/../../../../aarch64-linux-gnu/include"]
  ignore line: [#include "..." search starts here:]
  ignore line: [#include <...> search starts here:]
  ignore line: [ /usr/lib/gcc/aarch64-linux-gnu/12/include]
  ignore line: [ /usr/local/include]
  ignore line: [ /usr/include/aarch64-linux-gnu]
  ignore line: [ /usr/include]
  ignore line: [End of search list.]
  ignore line: [GNU C17 (Debian 12.2.0-14) version 12.2.0 (aarch64-linux-gnu)]
  ignore line: [	compiled by GNU C version 12.2.0  GMP version 6.2.1  MPFR version 4.1.1-p1  MPC version 1.3.1  isl version isl-0.25-GMP]
  ignore line: []
  ignore line: [warning: MPFR header version 4.1.1-p1 differs from library version 4.2.0.]
  ignore line: [GGC heuristics: --param ggc-min-expand=100 --param ggc-min-heapsize=131072]
  ignore line: [Compiler executable checksum: f1bacec099212325d0da3c77e1f38897]
  ignore line: [COLLECT_GCC_OPTIONS='-v' '-o' 'CMakeFiles/cmTC_f6424.dir/CMakeCCompilerABI.c.o' '-c' '-mlittle-endian' '-mabi=lp64' '-dumpdir' 'CMakeFiles/cmTC_f6424.dir/']
  ignore line: [ as -v -EL -mabi=lp64 -o CMakeFiles/cmTC_f6424.dir/CMakeCCompilerABI.c.o /tmp/ccLNBlge.s]
  ignore line: [GNU assembler version 2.40 (aarch64-linux-gnu) using BFD version (GNU Binutils for Debian) 2.40]
  ignore line: [COMPILER_PATH=/usr/lib/gcc/aarch64-linux-gnu/12/:/usr/lib/gcc/aarch64-linux-gnu/12/:/usr/lib/gcc/aarch64-linux-gnu/:/usr/lib/gcc/aarch64-linux-gnu/12/:/usr/lib/gcc/aarch64-linux-gnu/]
  ignore line: [LIBRARY_PATH=/usr/lib/gcc/aarch64-linux-gnu/12/:/usr/lib/gcc/aarch64-linux-gnu/12/../../../aarch64-linux-gnu/:/usr/lib/gcc/aarch64-linux-gnu/12/../../../../lib/:/lib/aarch64-linux-gnu/:/lib/../lib/:/usr/lib/aarch64-linux-gnu/:/usr/lib/../lib/:/usr/lib/gcc/aarch64-linux-gnu/12/../../../:/lib/:/usr/lib/]
  ignore line: [COLLECT_GCC_OPTIONS='-v' '-o' 'CMakeFiles/cmTC_f6424.dir/CMakeCCompilerABI.c.o' '-c' '-mlittle-endian' '-mabi=lp64' '-dumpdir' 'CMakeFiles/cmTC_f6424.dir/CMakeCCompilerABI.c.']
  ignore line: [Linking C executable cmTC_f6424]
  ignore line: [/usr/bin/cmake -E cmake_link_script CMakeFiles/cmTC_f6424.dir/link.txt --verbose=1]
  ignore line: [/usr/bin/cc  -v -rdynamic CMakeFiles/cmTC_f6424.dir/CMakeCCompilerABI.c.o -o cmTC_f6424 ]
  ignore line: [Using built-in specs.]
  ignore line: [COLLECT_GCC=/usr/bin/cc]
  ignore line: [COLLECT_LTO_WRAPPER=/usr/lib/gcc/aarch64-linux-gnu/12/lto-wrapper]
  ignore line: [Target: aarch64-linux-gnu]
  ignore line: [Configured with: ../src/configure -v --with-pkgversion='Debian 12.2.0-14' --with-bugurl=file:///usr/share/doc/gcc-12/README.Bugs --enable-languages=c ada c++ go d fortran objc obj-c++ m2 --prefix=/usr --with-gcc-major-version-only --program-suffix=-12 --program-prefix=aarch64-linux-gnu- --enable-shared --enable-linker-build-id --libexecdir=/usr/lib --without-included-gettext --enable-threads=posix --libdir=/usr/lib --enable-nls --enable-clocale=gnu --enable-libstdcxx-debug --enable-libstdcxx-time=yes --with-default-libstdcxx-abi=new --enable-gnu-unique-object --disable-libquadmath --disable-libquadmath-support --enable-plugin --enable-default-pie --with-system-zlib --enable-libphobos-checking=release --with-target-system-zlib=auto --enable-objc-gc=auto --enable-multiarch --enable-fix-cortex-a53-843419 --disable-werror --enable-checking=release --build=aarch64-linux-gnu --host=aarch64-linux-gnu --target=aarch64-linux-gnu]
  ignore line: [Thread model: posix]
  ignore line: [Supported LTO compression algorithms: zlib zstd]
  ignore line: [gcc version 12.2.0 (Debian 12.2.0-14) ]
  ignore line: [COMPILER_PATH=/usr/lib/gcc/aarch64-linux-gnu/12/:/usr/lib/gcc/aarch64-linux-gnu/12/:/usr/lib/gcc/aarch64-linux-gnu/:/usr/lib/gcc/aarch64-linux-gnu/12/:/usr/lib/gcc/aarch64-linux-gnu/]
  ignore line: [LIBRARY_PATH=/usr/lib/gcc/aarch64-linux-gnu/12/:/usr/lib/gcc/aarch64-linux-gnu/12/../../../aarch64-linux-gnu/:/usr/lib/gcc/aarch64-linux-gnu/12/../../../../lib/:/lib/aarch64-linux-gnu/:/lib/../lib/:/usr/lib/aarch64-linux-gnu/:/usr/lib/../lib/:/usr/lib/gcc/aarch64-linux-gnu/12/../../../:/lib/:/usr/lib/]
  ignore line: [COLLECT_GCC_OPTIONS='-v' '-rdynamic' '-o' 'cmTC_f6424' '-mlittle-endian' '-mabi=lp64' '-dumpdir' 'cmTC_f6424.']
  link line: [ /usr/lib/gcc/aarch64-linux-gnu/12/collect2 -plugin /usr/lib/gcc/aarch64-linux-gnu/12/liblto_plugin.so -plugin-opt=/usr/lib/gcc/aarch64-linux-gnu/12/lto-wrapper -plugin-opt=-fresolution=/tmp/ccMdQ2KO.res -plugin-opt=-pass-through=-lgcc -plugin-opt=-pass-through=-lgcc_s -plugin-opt=-pass-through=-lc -plugin-opt=-pass-through=-lgcc -plugin-opt=-pass-through=-lgcc_s --build-id --eh-frame-hdr --hash-style=gnu --as-needed -export-dynamic -dynamic-linker /lib/ld-linux-aarch64.so.1 -X -EL -maarch64linux --fix-cortex-a53-843419 -pie -o cmTC_f6424 /usr/lib/gcc/aarch64-linux-gnu/12/../../../aarch64-linux-gnu/Scrt1.o /usr/lib/gcc/aarch64-linux-gnu/12/../../../aarch64-linux-gnu/crti.o /usr/lib/gcc/aarch64-linux-gnu/12/crtbeginS.o -L/usr/lib/gcc/aarch64-linux-gnu/12 -L/usr/lib/gcc/aarch64-linux-gnu/12/../../../aarch64-linux-gnu -L/usr/lib/gcc/aarch64-linux-gnu/12/../../../../lib -L/lib/aarch64-linux-gnu -L/lib/../lib -L/usr/lib/aarch64-linux-gnu -L/usr/lib/../lib -L/usr/lib/gcc/aarch64-linux-gnu/12/../../.. CMakeFiles/cmTC_f6424.dir/CMakeCCompilerABI.c.o -lgcc --push-state --as-needed -lgcc_s --pop-state -lc -lgcc --push-state --as-needed -lgcc_s --pop-state /usr/lib/gcc/aarch64-linux-gnu/12/crtendS.o /usr/lib/gcc/aarch64-linux-gnu/12/../../../aarch64-linux-gnu/crtn.o]
    arg [/usr/lib/gcc/aarch64-linux-gnu/12/collect2] ==> ignore
    arg [-plugin] ==> ignore
    arg [/usr/lib/gcc/aarch64-linux-gnu/12/liblto_plugin.so] ==> ignore
    arg [-plugin-opt=/usr/lib/gcc/aarch64-linux-gnu/12/lto-wrapper] ==> ignore
    arg [-plugin-opt=-fresolution=/tmp/ccMdQ2KO.res] ==> ignore
    arg [-plugin-opt=-pass-through=-lgcc] ==> ignore
    arg [-plugin-opt=-pass-through=-lgcc_s] ==> ignore
    arg [-plugin-opt=-pass-through=-lc] ==> ignore
    arg [-plugin-opt=-pass-through=-lgcc] ==> ignore
    arg [-plugin-opt=-pass-through=-lgcc_s] ==> ignore
    arg [--build-id] ==> ignore
    arg [--eh-frame-hdr] ==> ignore
    arg [--hash-style=gnu] ==> ignore
    arg [--as-needed] ==> ignore
    arg [-export-dynamic] ==> ignore
    arg [-dynamic-linker] ==> ignore
    arg [/lib/ld-linux-aarch64.so.1] ==> ignore
    arg [-X] ==> ignore
    arg [-EL] ==> ignore
    arg [-maarch64linux] ==> ignore
    arg [--fix-cortex-a53-843419] ==> ignore
    arg [-pie] ==> ignore
    arg [-o] ==> ignore
    arg [cmTC_f6424] ==> ignore
    arg [/usr/lib/gcc/aarch64-linux-gnu/12/../../../aarch64-linux-gnu/Scrt1.o] ==> obj [/usr/lib/gcc/aarch64-linux-gnu/12/../../../aarch64-linux-gnu/Scrt1.o]
    arg [/usr/lib/gcc/aarch64-linux-gnu/12/../../../aarch64-linux-gnu/crti.o] ==> obj [/usr/lib/gcc/aarch64-linux-gnu/12/../../../aarch64-linux-gnu/crti.o]
    arg [/usr/lib/gcc/aarch64-linux-gnu/12/crtbeginS.o] ==> obj [/usr/lib/gcc/aarch64-linux-gnu/12/crtbeginS.o]
    arg [-L/usr/lib/gcc/aarch64-linux-gnu/12] ==> dir [/usr/lib/gcc/aarch64-linux-gnu/12]
    arg [-L/usr/lib/gcc/aarch64-linux-gnu/12/../../../aarch64-linux-gnu] ==> dir [/usr/lib/gcc/aarch64-linux-gnu/12/../../../aarch64-linux-gnu]
    arg [-L/usr/lib/gcc/aarch64-linux-gnu/12/../../../../lib] ==> dir [/usr/lib/gcc/aarch64-linux-gnu/12/../../../../lib]
    arg [-L/lib/aarch64-linux-gnu] ==> dir [/lib/aarch64-linux-gnu]
    arg [-L/lib/../lib] ==> dir [/lib/../lib]
    arg [-L/usr/lib/aarch64-linux-gnu] ==> dir [/usr/lib/aarch64-linux-gnu]
    arg [-L/usr/lib/../lib] ==> dir [/usr/lib/../lib]
    arg [-L/usr/lib/gcc/aarch64-linux-gnu/12/../../..] ==> dir [/usr/lib/gcc/aarch64-linux-gnu/12/../../..]
    arg [CMakeFiles/cmTC_f6424.dir/CMakeCCompilerABI.c.o] ==> ignore
    arg [-lgcc] ==> lib [gcc]
    arg [--push-state] ==> ignore
    arg [--as-needed] ==> ignore
    arg [-lgcc_s] ==> lib [gcc_s]
    arg [--pop-state] ==> ignore
    arg [-lc] ==> lib [c]
    arg [-lgcc] ==> lib [gcc]
    arg [--push-state] ==> ignore
    arg [--as-needed] ==> ignore
    arg [-lgcc_s] ==> lib [gcc_s]
    arg [--pop-state] ==> ignore
    arg [/usr/lib/gcc/aarch64-linux-gnu/12/crtendS.o] ==> obj [/usr/lib/gcc/aarch64-linux-gnu/12/crtendS.o]
    arg [/usr/lib/gcc/aarch64-linux-gnu/12/../../../aarch64-linux-gnu/crtn.o] ==> obj [/usr/lib/gcc/aarch64-linux-gnu/12/../../../aarch64-linux-gnu/crtn.o]
  collapse obj [/usr/lib/gcc/aarch64-linux-gnu/12/../../../aarch64-linux-gnu/Scrt1.o] ==> [/usr/lib/aarch64-linux-gnu/Scrt1.o]
  collapse obj [/usr/lib/gcc/aarch64-linux-gnu/12/../../../aarch64-linux-gnu/crti.o] ==> [/usr/lib/aarch64-linux-gnu/crti.o]
  collapse obj [/usr/lib/gcc/aarch64-linux-gnu/12/../../../aarch64-linux-gnu/crtn.o] ==> [/usr/lib/aarch64-linux-gnu/crtn.o]
  collapse library dir [/usr/lib/gcc/aarch64-linux-gnu/12] ==> [/usr/lib/gcc/aarch64-linux-gnu/12]
  collapse library dir [/usr/lib/gcc/aarch64-linux-gnu/12/../../../aarch64-linux-gnu] ==> [/usr/lib/aarch64-linux-gnu]
  collapse library dir [/usr/lib/gcc/aarch64-linux-gnu/12/../../../../lib] ==> [/usr/lib]
  collapse library dir [/lib/aarch64-linux-gnu] ==> [/lib/aarch64-linux-gnu]
  collapse library dir [/lib/../lib] ==> [/lib]
  collapse library dir [/usr/lib/aarch64-linux-gnu] ==> [/usr/lib/aarch64-linux-gnu]
  collapse library dir [/usr/lib/../lib] ==> [/usr/lib]
  collapse library dir [/usr/lib/gcc/aarch64-linux-gnu/12/../../..] ==> [/usr/lib]
  implicit libs: [gcc;gcc_s;c;gcc;gcc_s]
  implicit objs: [/usr/lib/aarch64-linux-gnu/Scrt1.o;/usr/lib/aarch64-linux-gnu/crti.o;/usr/lib/gcc/aarch64-linux-gnu/12/crtbeginS.o;/usr/lib/gcc/aarch64-linux-gnu/12/crtendS.o;/usr/lib/aarch64-linux-gnu/crtn.o]
  implicit dirs: [/usr/lib/gcc/aarch64-linux-gnu/12;/usr/lib/aarch64-linux-gnu;/usr/lib;/lib/aarch64-linux-gnu;/lib]
  implicit fwks: []


Detecting CXX compiler ABI info compiled with the following output:
Change Dir: /home/lihuen/Documents/lab3/part2/AtlasThingMiddleware_RPI-master/lib/CMakeFiles/CMakeScratch/TryCompile-RrfL1B

Run Build Command(s):/usr/bin/gmake -f Makefile cmTC_1a521/fast && /usr/bin/gmake  -f CMakeFiles/cmTC_1a521.dir/build.make CMakeFiles/cmTC_1a521.dir/build
gmake[1]: Entering directory '/home/lihuen/Documents/lab3/part2/AtlasThingMiddleware_RPI-master/lib/CMakeFiles/CMakeScratch/TryCompile-RrfL1B'
Building CXX object CMakeFiles/cmTC_1a521.dir/CMakeCXXCompilerABI.cpp.o
/usr/bin/c++   -v -o CMakeFiles/cmTC_1a521.dir/CMakeCXXCompilerABI.cpp.o -c /usr/share/cmake-3.25/Modules/CMakeCXXCompilerABI.cpp
Using built-in specs.
COLLECT_GCC=/usr/bin/c++
Target: aarch64-linux-gnu
Configured with: ../src/configure -v --with-pkgversion='Debian 12.2.0-14' --with-bugurl=file:///usr/share/doc/gcc-12/README.Bugs --enable-languages=c,ada,c++,go,d,fortran,objc,obj-c++,m2 --prefix=/usr --with-gcc-major-version-only --program-suffix=-12 --program-prefix=aarch64-linux-gnu- --enable-shared --enable-linker-build-id --libexecdir=/usr/lib --without-included-gettext --enable-threads=posix --libdir=/usr/lib --enable-nls --enable-clocale=gnu --enable-libstdcxx-debug --enable-libstdcxx-time=yes --with-default-libstdcxx-abi=new --enable-gnu-unique-object --disable-libquadmath --disable-libquadmath-support --enable-plugin --enable-default-pie --with-system-zlib --enable-libphobos-checking=release --with-target-system-zlib=auto --enable-objc-gc=auto --enable-multiarch --enable-fix-cortex-a53-843419 --disable-werror --enable-checking=release --build=aarch64-linux-gnu --host=aarch64-linux-gnu --target=aarch64-linux-gnu
Thread model: posix
Supported LTO compression algorithms: zlib zstd
gcc version 12.2.0 (Debian 12.2.0-14) 
COLLECT_GCC_OPTIONS='-v' '-o' 'CMakeFiles/cmTC_1a521.dir/CMakeCXXCompilerABI.cpp.o' '-c' '-shared-libgcc' '-mlittle-endian' '-mabi=lp64' '-dumpdir' 'CMakeFiles/cmTC_1a521.dir/'
 /usr/lib/gcc/aarch64-linux-gnu/12/cc1plus -quiet -v -imultiarch aarch64-linux-gnu -D_GNU_SOURCE /usr/share/cmake-3.25/Modules/CMakeCXXCompilerABI.cpp -quiet -dumpdir CMakeFiles/cmTC_1a521.dir/ -dumpbase CMakeCXXCompilerABI.cpp.cpp -dumpbase-ext .cpp -mlittle-endian -mabi=lp64 -version -fasynchronous-unwind-tables -o /tmp/ccOf5rXG.s
GNU C++17 (Debian 12.2.0-14) version 12.2.0 (aarch64-linux-gnu)
	compiled by GNU C version 12.2.0, GMP version 6.2.1, MPFR version 4.1.1-p1, MPC version 1.3.1, isl version isl-0.25-GMP

warning: MPFR header version 4.1.1-p1 differs from library version 4.2.0.
GGC heuristics: --param ggc-min-expand=100 --param ggc-min-heapsize=131072
ignoring duplicate directory "/usr/include/aarch64-linux-gnu/c++/12"
ignoring nonexistent directory "/usr/local/include/aarch64-linux-gnu"
ignoring nonexistent directory "/usr/lib/gcc/aarch64-linux-gnu/12/include-fixed"
ignoring nonexistent directory "/usr/lib/gcc/aarch64-linux-gnu/12/../../../../aarch64-linux-gnu/include"
#include "..." search starts here:
#include <...> search starts here:
 /usr/include/c++/12
 /usr/include/aarch64-linux-gnu/c++/12
 /usr/include/c++/12/backward
 /usr/lib/gcc/aarch64-linux-gnu/12/include
 /usr/local/include
 /usr/include/aarch64-linux-gnu
 /usr/include
End of search list.
GNU C++17 (Debian 12.2.0-14) version 12.2.0 (aarch64-linux-gnu)
	compiled by GNU C version 12.2.0, GMP version 6.2.1, MPFR version 4.1.1-p1, MPC version 1.3.1, isl version isl-0.25-GMP

warning: MPFR header version 4.1.1-p1 differs from library version 4.2.0.
GGC heuristics: --param ggc-min-expand=100 --param ggc-min-heapsize=131072
Compiler executable checksum: 76d6f14273b9515783c50374b109b352
COLLECT_GCC_OPTIONS='-v' '-o' 'CMakeFiles/cmTC_1a521.dir/CMakeCXXCompilerABI.cpp.o' '-c' '-shared-libgcc' '-mlittle-endian' '-mabi=lp64' '-dumpdir' 'CMakeFiles/cmTC_1a521.dir/'
 as -v -EL -mabi=lp64 -o CMakeFiles/cmTC_1a521.dir/CMakeCXXCompilerABI.cpp.o /tmp/ccOf5rXG.s
GNU assembler version 2.40 (aarch64-linux-gnu) using BFD version (GNU Binutils for Debian) 2.40
COMPILER_PATH=/usr/lib/gcc/aarch64-linux-gnu/12/:/usr/lib/gcc/aarch64-linux-gnu/12/:/usr/lib/gcc/aarch64-linux-gnu/:/usr/lib/gcc/aarch64-linux-gnu/12/:/usr/lib/gcc/aarch64-linux-gnu/
LIBRARY_PATH=/usr/lib/gcc/aarch64-linux-gnu/12/:/usr/lib/gcc/aarch64-linux-gnu/12/../../../aarch64-linux-gnu/:/usr/lib/gcc/aarch64-linux-gnu/12/../../../../lib/:/lib/aarch64-linux-gnu/:/lib/../lib/:/usr/lib/aarch64-linux-gnu/:/usr/lib/../lib/:/usr/lib/gcc/aarch64-linux-gnu/12/../../../:/lib/:/usr/lib/
COLLECT_GCC_OPTIONS='-v' '-o' 'CMakeFiles/cmTC_1a521.dir/CMakeCXXCompilerABI.cpp.o' '-c' '-shared-libgcc' '-mlittle-endian' '-mabi=lp64' '-dumpdir' 'CMakeFiles/cmTC_1a521.dir/CMakeCXXCompilerABI.cpp.'
Linking CXX executable cmTC_1a521
/usr/bin/cmake -E cmake_link_script CMakeFiles/cmTC_1a521.dir/link.txt --verbose=1
/usr/bin/c++  -v -rdynamic CMakeFiles/cmTC_1a521.dir/CMakeCXXCompilerABI.cpp.o -o cmTC_1a521 
Using built-in specs.
COLLECT_GCC=/usr/bin/c++
COLLECT_LTO_WRAPPER=/usr/lib/gcc/aarch64-linux-gnu/12/lto-wrapper
Target: aarch64-linux-gnu
Configured with: ../src/configure -v --with-pkgversion='Debian 12.2.0-14' --with-bugurl=file:///usr/share/doc/gcc-12/README.Bugs --enable-languages=c,ada,c++,go,d,fortran,objc,obj-c++,m2 --prefix=/usr --with-gcc-major-version-only --program-suffix=-12 --program-prefix=aarch64-linux-gnu- --enable-shared --enable-linker-build-id --libexecdir=/usr/lib --without-included-gettext --enable-threads=posix --libdir=/usr/lib --enable-nls --enable-clocale=gnu --enable-libstdcxx-debug --enable-libstdcxx-time=yes --with-default-libstdcxx-abi=new --enable-gnu-unique-object --disable-libquadmath --disable-libquadmath-support --enable-plugin --enable-default-pie --with-system-zlib --enable-libphobos-checking=release --with-target-system-zlib=auto --enable-objc-gc=auto --enable-multiarch --enable-fix-cortex-a53-843419 --disable-werror --enable-checking=release --build=aarch64-linux-gnu --host=aarch64-linux-gnu --target=aarch64-linux-gnu
Thread model: posix
Supported LTO compression algorithms: zlib zstd
gcc version 12.2.0 (Debian 12.2.0-14) 
COMPILER_PATH=/usr/lib/gcc/aarch64-linux-gnu/12/:/usr/lib/gcc/aarch64-linux-gnu/12/:/usr/lib/gcc/aarch64-linux-gnu/:/usr/lib/gcc/aarch64-linux-gnu/12/:/usr/lib/gcc/aarch64-linux-gnu/
LIBRARY_PATH=/usr/lib/gcc/aarch64-linux-gnu/12/:/usr/lib/gcc/aarch64-linux-gnu/12/../../../aarch64-linux-gnu/:/usr/lib/gcc/aarch64-linux-gnu/12/../../../../lib/:/lib/aarch64-linux-gnu/:/lib/../lib/:/usr/lib/aarch64-linux-gnu/:/usr/lib/../lib/:/usr/lib/gcc/aarch64-linux-gnu/12/../../../:/lib/:/usr/lib/
COLLECT_GCC_OPTIONS='-v' '-rdynamic' '-o' 'cmTC_1a521' '-shared-libgcc' '-mlittle-endian' '-mabi=lp64' '-dumpdir' 'cmTC_1a521.'
 /usr/lib/gcc/aarch64-linux-gnu/12/collect2 -plugin /usr/lib/gcc/aarch64-linux-gnu/12/liblto_plugin.so -plugin-opt=/usr/lib/gcc/aarch64-linux-gnu/12/lto-wrapper -plugin-opt=-fresolution=/tmp/cckJyl70.res -plugin-opt=-pass-through=-lgcc_s -plugin-opt=-pass-through=-lgcc -plugin-opt=-pass-through=-lc -plugin-opt=-pass-through=-lgcc_s -plugin-opt=-pass-through=-lgcc --build-id --eh-frame-hdr --hash-style=gnu --as-needed -export-dynamic -dynamic-linker /lib/ld-linux-aarch64.so.1 -X -EL -maarch64linux --fix-cortex-a53-843419 -pie -o cmTC_1a521 /usr/lib/gcc/aarch64-linux-gnu/12/../../../aarch64-linux-gnu/Scrt1.o /usr/lib/gcc/aarch64-linux-gnu/12/../../../aarch64-linux-gnu/crti.o /usr/lib/gcc/aarch64-linux-gnu/12/crtbeginS.o -L/usr/lib/gcc/aarch64-linux-gnu/12 -L/usr/lib/gcc/aarch64-linux-gnu/12/../../../aarch64-linux-gnu -L/usr/lib/gcc/aarch64-linux-gnu/12/../../../../lib -L/lib/aarch64-linux-gnu -L/lib/../lib -L/usr/lib/aarch64-linux-gnu -L/usr/lib/../lib -L/usr/lib/gcc/aarch64-linux-gnu/12/../../.. CMakeFiles/cmTC_1a521.dir/CMakeCXXCompilerABI.cpp.o -lstdc++ -lm -lgcc_s -lgcc -lc -lgcc_s -lgcc /usr/lib/gcc/aarch64-linux-gnu/12/crtendS.o /usr/lib/gcc/aarch64-linux-gnu/12/../../../aarch64-linux-gnu/crtn.o
COLLECT_GCC_OPTIONS='-v' '-rdynamic' '-o' 'cmTC_1a521' '-shared-libgcc' '-mlittle-endian' '-mabi=lp64' '-dumpdir' 'cmTC_1a521.'
gmake[1]: Leaving directory '/home/lihuen/Documents/lab3/part2/AtlasThingMiddleware_RPI-master/lib/CMakeFiles/CMakeScratch/TryCompile-RrfL1B'



Parsed CXX implicit include dir info from above output: rv=done
  found start of include info
  found start of implicit include info
    add: [/usr/include/c++/12]
    add: [/usr/include/aarch64-linux-gnu/c++/12]
    add: [/usr/include/c++/12/backward]
    add: [/usr/lib/gcc/aarch64-linux-gnu/12/include]
    add: [/usr/local/include]
    add: [/usr/include/aarch64-linux-gnu]
    add: [/usr/include]
  end of search list found
  collapse include dir [/usr/include/c++/12] ==> [/usr/include/c++/12]
  collapse include dir [/usr/include/aarch64-linux-gnu/c++/12] ==> [/usr/include/aarch64-linux-gnu/c++/12]
  collapse include dir [/usr/include/c++/12/backward] ==> [/usr/include/c++/12/backward]
  collapse include dir [/usr/lib/gcc/aarch64-linux-gnu/12/include] ==> [/usr/lib/gcc/aarch64-linux-gnu/12/include]
  collapse include dir [/usr/local/include] ==> [/usr/local/include]
  collapse include dir [/usr/include/aarch64-linux-gnu] ==> [/usr/include/aarch64-linux-gnu]
  collapse include dir [/usr/include] ==> [/usr/include]
  implicit include dirs: [/usr/include/c++/12;/usr/include/aarch64-linux-gnu/c++/12;/usr/include/c++/12/backward;/usr/lib/gcc/aarch64-linux-gnu/12/include;/usr/local/include;/usr/include/aarch64-linux-gnu;/usr/include]


Parsed CXX implicit link information from above output:
  link line regex: [^( *|.*[/\])(ld|CMAKE_LINK_STARTFILE-NOTFOUND|([^/\]+-)?ld|collect2)[^/\]*( |$)]
  ignore line: [Change Dir: /home/lihuen/Documents/lab3/part2/AtlasThingMiddleware_RPI-master/lib/CMakeFiles/CMakeScratch/TryCompile-RrfL1B]
  ignore line: []
  ignore line: [Run Build Command(s):/usr/bin/gmake -f Makefile cmTC_1a521/fast && /usr/bin/gmake  -f CMakeFiles/cmTC_1a521.dir/build.make CMakeFiles/cmTC_1a521.dir/build]
  ignore line: [gmake[1]: Entering directory '/home/lihuen/Documents/lab3/part2/AtlasThingMiddleware_RPI-master/lib/CMakeFiles/CMakeScratch/TryCompile-RrfL1B']
  ignore line: [Building CXX object CMakeFiles/cmTC_1a521.dir/CMakeCXXCompilerABI.cpp.o]
  ignore line: [/usr/bin/c++   -v -o CMakeFiles/cmTC_1a521.dir/CMakeCXXCompilerABI.cpp.o -c /usr/share/cmake-3.25/Modules/CMakeCXXCompilerABI.cpp]
  ignore line: [Using built-in specs.]
  ignore line: [COLLECT_GCC=/usr/bin/c++]
  ignore line: [Target: aarch64-linux-gnu]
  ignore line: [Configured with: ../src/configure -v --with-pkgversion='Debian 12.2.0-14' --with-bugurl=file:///usr/share/doc/gcc-12/README.Bugs --enable-languages=c ada c++ go d fortran objc obj-c++ m2 --prefix=/usr --with-gcc-major-version-only --program-suffix=-12 --program-prefix=aarch64-linux-gnu- --enable-shared --enable-linker-build-id --libexecdir=/usr/lib --without-included-gettext --enable-threads=posix --libdir=/usr/lib --enable-nls --enable-clocale=gnu --enable-libstdcxx-debug --enable-libstdcxx-time=yes --with-default-libstdcxx-abi=new --enable-gnu-unique-object --disable-libquadmath --disable-libquadmath-support --enable-plugin --enable-default-pie --with-system-zlib --enable-libphobos-checking=release --with-target-system-zlib=auto --enable-objc-gc=auto --enable-multiarch --enable-fix-cortex-a53-843419 --disable-werror --enable-checking=release --build=aarch64-linux-gnu --host=aarch64-linux-gnu --target=aarch64-linux-gnu]
  ignore line: [Thread model: posix]
  ignore line: [Supported LTO compression algorithms: zlib zstd]
  ignore line: [gcc version 12.2.0 (Debian 12.2.0-14) ]
  ignore line: [COLLECT_GCC_OPTIONS='-v' '-o' 'CMakeFiles/cmTC_1a521.dir/CMakeCXXCompilerABI.cpp.o' '-c' '-shared-libgcc' '-mlittle-endian' '-mabi=lp64' '-dumpdir' 'CMakeFiles/cmTC_1a521.dir/']
  ignore line: [ /usr/lib/gcc/aarch64-linux-gnu/12/cc1plus -quiet -v -imultiarch aarch64-linux-gnu -D_GNU_SOURCE /usr/share/cmake-3.25/Modules/CMakeCXXCompilerABI.cpp -quiet -dumpdir CMakeFiles/cmTC_1a521.dir/ -dumpbase CMakeCXXCompilerABI.cpp.cpp -dumpbase-ext .cpp -mlittle-endian -mabi=lp64 -version -fasynchronous-unwind-tables -o /tmp/ccOf5rXG.s]
  ignore line: [GNU C++17 (Debian 12.2.0-14) version 12.2.0 (aarch64-linux-gnu)]
  ignore line: [	compiled by GNU C version 12.2.0  GMP version 6.2.1  MPFR version 4.1.1-p1  MPC version 1.3.1  isl version isl-0.25-GMP]
  ignore line: []
  ignore line: [warning: MPFR header version 4.1.1-p1 differs from library version 4.2.0.]
  ignore line: [GGC heuristics: --param ggc-min-expand=100 --param ggc-min-heapsize=131072]
  ignore line: [ignoring duplicate directory "/usr/include/aarch64-linux-gnu/c++/12"]
  ignore line: [ignoring nonexistent directory "/usr/local/include/aarch64-linux-gnu"]
  ignore line: [ignoring nonexistent directory "/usr/lib/gcc/aarch64-linux-gnu/12/include-fixed"]
  ignore line: [ignoring nonexistent directory "/usr/lib/gcc/aarch64-linux-gnu/12/../../../../aarch64-linux-gnu/include"]
  ignore line: [#include "..." search starts here:]
  ignore line: [#include <...> search starts here:]
  ignore line: [ /usr/include/c++/12]
  ignore line: [ /usr/include/aarch64-linux-gnu/c++/12]
  ignore line: [ /usr/include/c++/12/backward]
  ignore line: [ /usr/lib/gcc/aarch64-linux-gnu/12/include]
  ignore line: [ /usr/local/include]
  ignore line: [ /usr/include/aarch64-linux-gnu]
  ignore line: [ /usr/include]
  ignore line: [End of search list.]
  ignore line: [GNU C++17 (Debian 12.2.0-14) version 12.2.0 (aarch64-linux-gnu)]
  ignore line: [	compiled by GNU C version 12.2.0  GMP version 6.2.1  MPFR version 4.1.1-p1  MPC version 1.3.1  isl version isl-0.25-GMP]
  ignore line: []
  ignore line: [warning: MPFR header version 4.1.1-p1 differs from library version 4.2.0.]
  ignore line: [GGC heuristics: --param ggc-min-expand=100 --param ggc-min-heapsize=131072]
  ignore line: [Compiler executable checksum: 76d6f14273b9515783c50374b109b352]
  ignore line: [COLLECT_GCC_OPTIONS='-v' '-o' 'CMakeFiles/cmTC_1a521.dir/CMakeCXXCompilerABI.cpp.o' '-c' '-shared-libgcc' '-mlittle-endian' '-mabi=lp64' '-dumpdir' 'CMakeFiles/cmTC_1a521.dir/']
  ignore line: [ as -v -EL -mabi=lp64 -o CMakeFiles/cmTC_1a521.dir/CMakeCXXCompilerABI.cpp.o /tmp/ccOf5rXG.s]
  ignore line: [GNU assembler version 2.40 (aarch64-linux-gnu) using BFD version (GNU Binutils for Debian) 2.40]
  ignore line: [COMPILER_PATH=/usr/lib/gcc/aarch64-linux-gnu/12/:/usr/lib/gcc/aarch64-linux-gnu/12/:/usr/lib/gcc/aarch64-linux-gnu/:/usr/lib/gcc/aarch64-linux-gnu/12/:/usr/lib/gcc/aarch64-linux-gnu/]
  ignore line: [LIBRARY_PATH=/usr/lib/gcc/aarch64-linux-gnu/12/:/usr/lib/gcc/aarch64-linux-gnu/12/../../../aarch64-linux-gnu/:/usr/lib/gcc/aarch64-linux-gnu/12/../../../../lib/:/lib/aarch64-linux-gnu/:/lib/../lib/:/usr/lib/aarch64-linux-gnu/:/usr/lib/../lib/:/usr/lib/gcc/aarch64-linux-gnu/12/../../../:/lib/:/usr/lib/]
  ignore line: [COLLECT_GCC_OPTIONS='-v' '-o' 'CMakeFiles/cmTC_1a521.dir/CMakeCXXCompilerABI.cpp.o' '-c' '-shared-libgcc' '-mlittle-endian' '-mabi=lp64' '-dumpdir' 'CMakeFiles/cmTC_1a521.dir/CMakeCXXCompilerABI.cpp.']
  ignore line: [Linking CXX executable cmTC_1a521]
  ignore line: [/usr/bin/cmake -E cmake_link_script CMakeFiles/cmTC_1a521.dir/link.txt --verbose=1]
  ignore line: [/usr/bin/c++  -v -rdynamic CMakeFiles/cmTC_1a521.dir/CMakeCXXCompilerABI.cpp.o -o cmTC_1a521 ]
  ignore line: [Using built-in specs.]
  ignore line: [COLLECT_GCC=/usr/bin/c++]
  ignore line: [COLLECT_LTO_WRAPPER=/usr/lib/gcc/aarch64-linux-gnu/12/lto-wrapper]
  ignore line: [Target: aarch64-linux-gnu]
  ignore line: [Configured with: ../src/configure -v --with-pkgversion='Debian 12.2.0-14' --with-bugurl=file:///usr/share/doc/gcc-12/README.Bugs --enable-languages=c ada c++ go d fortran objc obj-c++ m2 --prefix=/usr --with-gcc-major-version-only --program-suffix=-12 --program-prefix=aarch64-linux-gnu- --enable-shared --enable-linker-build-id --libexecdir=/usr/lib --without-included-gettext --enable-threads=posix --libdir=/usr/lib --enable-nls --enable-clocale=gnu --enable-libstdcxx-debug --enable-libstdcxx-time=yes --with-default-libstdcxx-abi=new --enable-gnu-unique-object --disable-libquadmath --disable-libquadmath-support --enable-plugin --enable-default-pie --with-system-zlib --enable-libphobos-checking=release --with-target-system-zlib=auto --enable-objc-gc=auto --enable-multiarch --enable-fix-cortex-a53-843419 --disable-werror --enable-checking=release --build=aarch64-linux-gnu --host=aarch64-linux-gnu --target=aarch64-linux-gnu]
  ignore line: [Thread model: posix]
  ignore line: [Supported LTO compression algorithms: zlib zstd]
  ignore line: [gcc version 12.2.0 (Debian 12.2.0-14) ]
  ignore line: [COMPILER_PATH=/usr/lib/gcc/aarch64-linux-gnu/12/:/usr/lib/gcc/aarch64-linux-gnu/12/:/usr/lib/gcc/aarch64-linux-gnu/:/usr/lib/gcc/aarch64-linux-gnu/12/:/usr/lib/gcc/aarch64-linux-gnu/]
  ignore line: [LIBRARY_PATH=/usr/lib/gcc/aarch64-linux-gnu/12/:/usr/lib/gcc/aarch64-linux-gnu/12/../../../aarch64-linux-gnu/:/usr/lib/gcc/aarch64-linux-gnu/12/../../../../lib/:/lib/aarch64-linux-gnu/:/lib/../lib/:/usr/lib/aarch64-linux-gnu/:/usr/lib/../lib/:/usr/lib/gcc/aarch64-linux-gnu/12/../../../:/lib/:/usr/lib/]
  ignore line: [COLLECT_GCC_OPTIONS='-v' '-rdynamic' '-o' 'cmTC_1a521' '-shared-libgcc' '-mlittle-endian' '-mabi=lp64' '-dumpdir' 'cmTC_1a521.']
  link line: [ /usr/lib/gcc/aarch64-linux-gnu/12/collect2 -plugin /usr/lib/gcc/aarch64-linux-gnu/12/liblto_plugin.so -plugin-opt=/usr/lib/gcc/aarch64-linux-gnu/12/lto-wrapper -plugin-opt=-fresolution=/tmp/cckJyl70.res -plugin-opt=-pass-through=-lgcc_s -plugin-opt=-pass-through=-lgcc -plugin-opt=-pass-through=-lc -plugin-opt=-pass-through=-lgcc_s -plugin-opt=-pass-through=-lgcc --build-id --eh-frame-hdr --hash-style=gnu --as-needed -export-dynamic -dynamic-linker /lib/ld-linux-aarch64.so.1 -X -EL -maarch64linux --fix-cortex-a53-843419 -pie -o cmTC_1a521 /usr/lib/gcc/aarch64-linux-gnu/12/../../../aarch64-linux-gnu/Scrt1.o /usr/lib/gcc/aarch64-linux-gnu/12/../../../aarch64-linux-gnu/crti.o /usr/lib/gcc/aarch64-linux-gnu/12/crtbeginS.o -L/usr/lib/gcc/aarch64-linux-gnu/12 -L/usr/lib/gcc/aarch64-linux-gnu/12/../../../aarch64-linux-gnu -L/usr/lib/gcc/aarch64-linux-gnu/12/../../../../lib -L/lib/aarch64-linux-gnu -L/lib/../lib -L/usr/lib/aarch64-linux-gnu -L/usr/lib/../lib -L/usr/lib/gcc/aarch64-linux-gnu/12/../../.. CMakeFiles/cmTC_1a521.dir/CMakeCXXCompilerABI.cpp.o -lstdc++ -lm -lgcc_s -lgcc -lc -lgcc_s -lgcc /usr/lib/gcc/aarch64-linux-gnu/12/crtendS.o /usr/lib/gcc/aarch64-linux-gnu/12/../../../aarch64-linux-gnu/crtn.o]
    arg [/usr/lib/gcc/aarch64-linux-gnu/12/collect2] ==> ignore
    arg [-plugin] ==> ignore
    arg [/usr/lib/gcc/aarch64-linux-gnu/12/liblto_plugin.so] ==> ignore
    arg [-plugin-opt=/usr/lib/gcc/aarch64-linux-gnu/12/lto-wrapper] ==> ignore
    arg [-plugin-opt=-fresolution=/tmp/cckJyl70.res] ==> ignore
    arg [-plugin-opt=-pass-through=-lgcc_s] ==> ignore
    arg [-plugin-opt=-pass-through=-lgcc] ==> ignore
    arg [-plugin-opt=-pass-through=-lc] ==> ignore
    arg [-plugin-opt=-pass-through=-lgcc_s] ==> ignore
    arg [-plugin-opt=-pass-through=-lgcc] ==> ignore
    arg [--build-id] ==> ignore
    arg [--eh-frame-hdr] ==> ignore
    arg [--hash-style=gnu] ==> ignore
    arg [--as-needed] ==> ignore
    arg [-export-dynamic] ==> ignore
    arg [-dynamic-linker] ==> ignore
    arg [/lib/ld-linux-aarch64.so.1] ==> ignore
    arg [-X] ==> ignore
    arg [-EL] ==> ignore
    arg [-maarch64linux] ==> ignore
    arg [--fix-cortex-a53-843419] ==> ignore
    arg [-pie] ==> ignore
    arg [-o] ==> ignore
    arg [cmTC_1a521] ==> ignore
    arg [/usr/lib/gcc/aarch64-linux-gnu/12/../../../aarch64-linux-gnu/Scrt1.o] ==> obj [/usr/lib/gcc/aarch64-linux-gnu/12/../../../aarch64-linux-gnu/Scrt1.o]
    arg [/usr/lib/gcc/aarch64-linux-gnu/12/../../../aarch64-linux-gnu/crti.o] ==> obj [/usr/lib/gcc/aarch64-linux-gnu/12/../../../aarch64-linux-gnu/crti.o]
    arg [/usr/lib/gcc/aarch64-linux-gnu/12/crtbeginS.o] ==> obj [/usr/lib/gcc/aarch64-linux-gnu/12/crtbeginS.o]
    arg [-L/usr/lib/gcc/aarch64-linux-gnu/12] ==> dir [/usr/lib/gcc/aarch64-linux-gnu/12]
    arg [-L/usr/lib/gcc/aarch64-linux-gnu/12/../../../aarch64-linux-gnu] ==> dir [/usr/lib/gcc/aarch64-linux-gnu/12/../../../aarch64-linux-gnu]
    arg [-L/usr/lib/gcc/aarch64-linux-gnu/12/../../../../lib] ==> dir [/usr/lib/gcc/aarch64-linux-gnu/12/../../../../lib]
    arg [-L/lib/aarch64-linux-gnu] ==> dir [/lib/aarch64-linux-gnu]
    arg [-L/lib/../lib] ==> dir [/lib/../lib]
    arg [-L/usr/lib/aarch64-linux-gnu] ==> dir [/usr/lib/aarch64-linux-gnu]
    arg [-L/usr/lib/../lib] ==> dir [/usr/lib/../lib]
    arg [-L/usr/lib/gcc/aarch64-linux-gnu/12/../../..] ==> dir [/usr/lib/gcc/aarch64-linux-gnu/12/../../..]
    arg [CMakeFiles/cmTC_1a521.dir/CMakeCXXCompilerABI.cpp.o] ==> ignore
    arg [-lstdc++] ==> lib [stdc++]
    arg [-lm] ==> lib [m]
    arg [-lgcc_s] ==> lib [gcc_s]
    arg [-lgcc] ==> lib [gcc]
    arg [-lc] ==> lib [c]
    arg [-lgcc_s] ==> lib [gcc_s]
    arg [-lgcc] ==> lib [gcc]
    arg [/usr/lib/gcc/aarch64-linux-gnu/12/crtendS.o] ==> obj [/usr/lib/gcc/aarch64-linux-gnu/12/crtendS.o]
    arg [/usr/lib/gcc/aarch64-linux-gnu/12/../../../aarch64-linux-gnu/crtn.o] ==> obj [/usr/lib/gcc/aarch64-linux-gnu/12/../../../aarch64-linux-gnu/crtn.o]
  collapse obj [/usr/lib/gcc/aarch64-linux-gnu/12/../../../aarch64-linux-gnu/Scrt1.o] ==> [/usr/lib/aarch64-linux-gnu/Scrt1.o]
  collapse obj [/usr/lib/gcc/aarch64-linux-gnu/12/../../../aarch64-linux-gnu/crti.o] ==> [/usr/lib/aarch64-linux-gnu/crti.o]
  collapse obj [/usr/lib/gcc/aarch64-linux-gnu/12/../../../aarch64-linux-gnu/crtn.o] ==> [/usr/lib/aarch64-linux-gnu/crtn.o]
  collapse library dir [/usr/lib/gcc/aarch64-linux-gnu/12] ==> [/usr/lib/gcc/aarch64-linux-gnu/12]
  collapse library dir [/usr/lib/gcc/aarch64-linux-gnu/12/../../../aarch64-linux-gnu] ==> [/usr/lib/aarch64-linux-gnu]
  collapse library dir [/usr/lib/gcc/aarch64-linux-gnu/12/../../../../lib] ==> [/usr/lib]
  collapse library dir [/lib/aarch64-linux-gnu] ==> [/lib/aarch64-linux-gnu]
  collapse library dir [/lib/../lib] ==> [/lib]
  collapse library dir [/usr/lib/aarch64-linux-gnu] ==> [/usr/lib/aarch64-linux-gnu]
  collapse library dir [/usr/lib/../lib] ==> [/usr/lib]
  collapse library dir [/usr/lib/gcc/aarch64-linux-gnu/12/../../..] ==> [/usr/lib]
  implicit libs: [stdc++;m;gcc_s;gcc;c;gcc_s;gcc]
  implicit objs: [/usr/lib/aarch64-linux-gnu/Scrt1.o;/usr/lib/aarch64-linux-gnu/crti.o;/usr/lib/gcc/aarch64-linux-gnu/12/crtbeginS.o;/usr/lib/gcc/aarch64-linux-gnu/12/crtendS.o;/usr/lib/aarch64-linux-gnu/crtn.o]
  implicit dirs: [/usr/lib/gcc/aarch64-linux-gnu/12;/usr/lib/aarch64-linux-gnu;/usr/lib;/lib/aarch64-linux-gnu;/lib]
  implicit fwks: []


Performing C++ SOURCE FILE Test HAS_CXX_FLAG__fstack_protector_all succeeded with the following output:
Change Dir: /home/lihuen/Documents/lab3/part2/AtlasThingMiddleware_RPI-master/lib/CMakeFiles/CMakeScratch/TryCompile-SZFF55

Run Build Command(s):/usr/bin/gmake -f Makefile cmTC_722e1/fast && /usr/bin/gmake  -f CMakeFiles/cmTC_722e1.dir/build.make CMakeFiles/cmTC_722e1.dir/build
gmake[1]: Entering directory '/home/lihuen/Documents/lab3/part2/AtlasThingMiddleware_RPI-master/lib/CMakeFiles/CMakeScratch/TryCompile-SZFF55'
Building CXX object CMakeFiles/cmTC_722e1.dir/src.cxx.o
/usr/bin/c++ -DHAS_CXX_FLAG__fstack_protector_all  -fstack-protector-all -o CMakeFiles/cmTC_722e1.dir/src.cxx.o -c /home/lihuen/Documents/lab3/part2/AtlasThingMiddleware_RPI-master/lib/CMakeFiles/CMakeScratch/TryCompile-SZFF55/src.cxx
Linking CXX executable cmTC_722e1
/usr/bin/cmake -E cmake_link_script CMakeFiles/cmTC_722e1.dir/link.txt --verbose=1
/usr/bin/c++ -rdynamic CMakeFiles/cmTC_722e1.dir/src.cxx.o -o cmTC_722e1 
gmake[1]: Leaving directory '/home/lihuen/Documents/lab3/part2/AtlasThingMiddleware_RPI-master/lib/CMakeFiles/CMakeScratch/TryCompile-SZFF55'


Source file was:
int main() { return 0; }

Performing C++ SOURCE FILE Test HAS_CXX_FLAG__Werror succeeded with the following output:
Change Dir: /home/lihuen/Documents/lab3/part2/AtlasThingMiddleware_RPI-master/lib/CMakeFiles/CMakeScratch/TryCompile-pN9FqG

Run Build Command(s):/usr/bin/gmake -f Makefile cmTC_343f6/fast && /usr/bin/gmake  -f CMakeFiles/cmTC_343f6.dir/build.make CMakeFiles/cmTC_343f6.dir/build
gmake[1]: Entering directory '/home/lihuen/Documents/lab3/part2/AtlasThingMiddleware_RPI-master/lib/CMakeFiles/CMakeScratch/TryCompile-pN9FqG'
Building CXX object CMakeFiles/cmTC_343f6.dir/src.cxx.o
/usr/bin/c++ -DHAS_CXX_FLAG__Werror  -Werror -o CMakeFiles/cmTC_343f6.dir/src.cxx.o -c /home/lihuen/Documents/lab3/part2/AtlasThingMiddleware_RPI-master/lib/CMakeFiles/CMakeScratch/TryCompile-pN9FqG/src.cxx
Linking CXX executable cmTC_343f6
/usr/bin/cmake -E cmake_link_script CMakeFiles/cmTC_343f6.dir/link.txt --verbose=1
/usr/bin/c++ -rdynamic CMakeFiles/cmTC_343f6.dir/src.cxx.o -o cmTC_343f6 
gmake[1]: Leaving directory '/home/lihuen/Documents/lab3/part2/AtlasThingMiddleware_RPI-master/lib/CMakeFiles/CMakeScratch/TryCompile-pN9FqG'


Source file was:
int main() { return 0; }

Performing C++ SOURCE FILE Test HAS_CXX_FLAG__Wall succeeded with the following output:
Change Dir: /home/lihuen/Documents/lab3/part2/AtlasThingMiddleware_RPI-master/lib/CMakeFiles/CMakeScratch/TryCompile-bck2tL

Run Build Command(s):/usr/bin/gmake -f Makefile cmTC_a9ba2/fast && /usr/bin/gmake  -f CMakeFiles/cmTC_a9ba2.dir/build.make CMakeFiles/cmTC_a9ba2.dir/build
gmake[1]: Entering directory '/home/lihuen/Documents/lab3/part2/AtlasThingMiddleware_RPI-master/lib/CMakeFiles/CMakeScratch/TryCompile-bck2tL'
Building CXX object CMakeFiles/cmTC_a9ba2.dir/src.cxx.o
/usr/bin/c++ -DHAS_CXX_FLAG__Wall  -Wall -o CMakeFiles/cmTC_a9ba2.dir/src.cxx.o -c /home/lihuen/Documents/lab3/part2/AtlasThingMiddleware_RPI-master/lib/CMakeFiles/CMakeScratch/TryCompile-bck2tL/src.cxx
Linking CXX executable cmTC_a9ba2
/usr/bin/cmake -E cmake_link_script CMakeFiles/cmTC_a9ba2.dir/link.txt --verbose=1
/usr/bin/c++ -rdynamic CMakeFiles/cmTC_a9ba2.dir/src.cxx.o -o cmTC_a9ba2 
gmake[1]: Leaving directory '/home/lihuen/Documents/lab3/part2/AtlasThingMiddleware_RPI-master/lib/CMakeFiles/CMakeScratch/TryCompile-bck2tL'


Source file was:
int main() { return 0; }

Performing C++ SOURCE FILE Test HAS_CXX_FLAG__Wextra succeeded with the following output:
Change Dir: /home/lihuen/Documents/lab3/part2/AtlasThingMiddleware_RPI-master/lib/CMakeFiles/CMakeScratch/TryCompile-5hVOYU

Run Build Command(s):/usr/bin/gmake -f Makefile cmTC_b96d2/fast && /usr/bin/gmake  -f CMakeFiles/cmTC_b96d2.dir/build.make CMakeFiles/cmTC_b96d2.dir/build
gmake[1]: Entering directory '/home/lihuen/Documents/lab3/part2/AtlasThingMiddleware_RPI-master/lib/CMakeFiles/CMakeScratch/TryCompile-5hVOYU'
Building CXX object CMakeFiles/cmTC_b96d2.dir/src.cxx.o
/usr/bin/c++ -DHAS_CXX_FLAG__Wextra  -Wextra -o CMakeFiles/cmTC_b96d2.dir/src.cxx.o -c /home/lihuen/Documents/lab3/part2/AtlasThingMiddleware_RPI-master/lib/CMakeFiles/CMakeScratch/TryCompile-5hVOYU/src.cxx
Linking CXX executable cmTC_b96d2
/usr/bin/cmake -E cmake_link_script CMakeFiles/cmTC_b96d2.dir/link.txt --verbose=1
/usr/bin/c++ -rdynamic CMakeFiles/cmTC_b96d2.dir/src.cxx.o -o cmTC_b96d2 
gmake[1]: Leaving directory '/home/lihuen/Documents/lab3/part2/AtlasThingMiddleware_RPI-master/lib/CMakeFiles/CMakeScratch/TryCompile-5hVOYU'


Source file was:
int main() { return 0; }

Performing C++ SOURCE FILE Test HAS_CXX_FLAG__Wpointer_arith succeeded with the following output:
Change Dir: /home/lihuen/Documents/lab3/part2/AtlasThingMiddleware_RPI-master/lib/CMakeFiles/CMakeScratch/TryCompile-yjSWw0

Run Build Command(s):/usr/bin/gmake -f Makefile cmTC_20a2a/fast && /usr/bin/gmake  -f CMakeFiles/cmTC_20a2a.dir/build.make CMakeFiles/cmTC_20a2a.dir/build
gmake[1]: Entering directory '/home/lihuen/Documents/lab3/part2/AtlasThingMiddleware_RPI-master/lib/CMakeFiles/CMakeScratch/TryCompile-yjSWw0'
Building CXX object CMakeFiles/cmTC_20a2a.dir/src.cxx.o
/usr/bin/c++ -DHAS_CXX_FLAG__Wpointer_arith  -Wpointer-arith -o CMakeFiles/cmTC_20a2a.dir/src.cxx.o -c /home/lihuen/Documents/lab3/part2/AtlasThingMiddleware_RPI-master/lib/CMakeFiles/CMakeScratch/TryCompile-yjSWw0/src.cxx
Linking CXX executable cmTC_20a2a
/usr/bin/cmake -E cmake_link_script CMakeFiles/cmTC_20a2a.dir/link.txt --verbose=1
/usr/bin/c++ -rdynamic CMakeFiles/cmTC_20a2a.dir/src.cxx.o -o cmTC_20a2a 
gmake[1]: Leaving directory '/home/lihuen/Documents/lab3/part2/AtlasThingMiddleware_RPI-master/lib/CMakeFiles/CMakeScratch/TryCompile-yjSWw0'


Source file was:
int main() { return 0; }

Performing C++ SOURCE FILE Test HAS_CXX_FLAG__Winvalid_pch succeeded with the following output:
Change Dir: /home/lihuen/Documents/lab3/part2/AtlasThingMiddleware_RPI-master/lib/CMakeFiles/CMakeScratch/TryCompile-h7UofI

Run Build Command(s):/usr/bin/gmake -f Makefile cmTC_81270/fast && /usr/bin/gmake  -f CMakeFiles/cmTC_81270.dir/build.make CMakeFiles/cmTC_81270.dir/build
gmake[1]: Entering directory '/home/lihuen/Documents/lab3/part2/AtlasThingMiddleware_RPI-master/lib/CMakeFiles/CMakeScratch/TryCompile-h7UofI'
Building CXX object CMakeFiles/cmTC_81270.dir/src.cxx.o
/usr/bin/c++ -DHAS_CXX_FLAG__Winvalid_pch  -Winvalid-pch -o CMakeFiles/cmTC_81270.dir/src.cxx.o -c /home/lihuen/Documents/lab3/part2/AtlasThingMiddleware_RPI-master/lib/CMakeFiles/CMakeScratch/TryCompile-h7UofI/src.cxx
Linking CXX executable cmTC_81270
/usr/bin/cmake -E cmake_link_script CMakeFiles/cmTC_81270.dir/link.txt --verbose=1
/usr/bin/c++ -rdynamic CMakeFiles/cmTC_81270.dir/src.cxx.o -o cmTC_81270 
gmake[1]: Leaving directory '/home/lihuen/Documents/lab3/part2/AtlasThingMiddleware_RPI-master/lib/CMakeFiles/CMakeScratch/TryCompile-h7UofI'


Source file was:
int main() { return 0; }

Performing C++ SOURCE FILE Test HAS_CXX_FLAG__Wcast_align succeeded with the following output:
Change Dir: /home/lihuen/Documents/lab3/part2/AtlasThingMiddleware_RPI-master/lib/CMakeFiles/CMakeScratch/TryCompile-93tzre

Run Build Command(s):/usr/bin/gmake -f Makefile cmTC_3cc9c/fast && /usr/bin/gmake  -f CMakeFiles/cmTC_3cc9c.dir/build.make CMakeFiles/cmTC_3cc9c.dir/build
gmake[1]: Entering directory '/home/lihuen/Documents/lab3/part2/AtlasThingMiddleware_RPI-master/lib/CMakeFiles/CMakeScratch/TryCompile-93tzre'
Building CXX object CMakeFiles/cmTC_3cc9c.dir/src.cxx.o
/usr/bin/c++ -DHAS_CXX_FLAG__Wcast_align  -Wcast-align -o CMakeFiles/cmTC_3cc9c.dir/src.cxx.o -c /home/lihuen/Documents/lab3/part2/AtlasThingMiddleware_RPI-master/lib/CMakeFiles/CMakeScratch/TryCompile-93tzre/src.cxx
Linking CXX executable cmTC_3cc9c
/usr/bin/cmake -E cmake_link_script CMakeFiles/cmTC_3cc9c.dir/link.txt --verbose=1
/usr/bin/c++ -rdynamic CMakeFiles/cmTC_3cc9c.dir/src.cxx.o -o cmTC_3cc9c 
gmake[1]: Leaving directory '/home/lihuen/Documents/lab3/part2/AtlasThingMiddleware_RPI-master/lib/CMakeFiles/CMakeScratch/TryCompile-93tzre'


Source file was:
int main() { return 0; }

Performing C++ SOURCE FILE Test HAS_CXX_FLAG__Wwrite_strings succeeded with the following output:
Change Dir: /home/lihuen/Documents/lab3/part2/AtlasThingMiddleware_RPI-master/lib/CMakeFiles/CMakeScratch/TryCompile-IZvXLG

Run Build Command(s):/usr/bin/gmake -f Makefile cmTC_0f640/fast && /usr/bin/gmake  -f CMakeFiles/cmTC_0f640.dir/build.make CMakeFiles/cmTC_0f640.dir/build
gmake[1]: Entering directory '/home/lihuen/Documents/lab3/part2/AtlasThingMiddleware_RPI-master/lib/CMakeFiles/CMakeScratch/TryCompile-IZvXLG'
Building CXX object CMakeFiles/cmTC_0f640.dir/src.cxx.o
/usr/bin/c++ -DHAS_CXX_FLAG__Wwrite_strings  -Wwrite-strings -o CMakeFiles/cmTC_0f640.dir/src.cxx.o -c /home/lihuen/Documents/lab3/part2/AtlasThingMiddleware_RPI-master/lib/CMakeFiles/CMakeScratch/TryCompile-IZvXLG/src.cxx
Linking CXX executable cmTC_0f640
/usr/bin/cmake -E cmake_link_script CMakeFiles/cmTC_0f640.dir/link.txt --verbose=1
/usr/bin/c++ -rdynamic CMakeFiles/cmTC_0f640.dir/src.cxx.o -o cmTC_0f640 
gmake[1]: Leaving directory '/home/lihuen/Documents/lab3/part2/AtlasThingMiddleware_RPI-master/lib/CMakeFiles/CMakeScratch/TryCompile-IZvXLG'


Source file was:
int main() { return 0; }

Performing C++ SOURCE FILE Test HAS_CXX_FLAG__Woverloaded_virtual succeeded with the following output:
Change Dir: /home/lihuen/Documents/lab3/part2/AtlasThingMiddleware_RPI-master/lib/CMakeFiles/CMakeScratch/TryCompile-yvKGo3

Run Build Command(s):/usr/bin/gmake -f Makefile cmTC_33c8a/fast && /usr/bin/gmake  -f CMakeFiles/cmTC_33c8a.dir/build.make CMakeFiles/cmTC_33c8a.dir/build
gmake[1]: Entering directory '/home/lihuen/Documents/lab3/part2/AtlasThingMiddleware_RPI-master/lib/CMakeFiles/CMakeScratch/TryCompile-yvKGo3'
Building CXX object CMakeFiles/cmTC_33c8a.dir/src.cxx.o
/usr/bin/c++ -DHAS_CXX_FLAG__Woverloaded_virtual  -Woverloaded-virtual -o CMakeFiles/cmTC_33c8a.dir/src.cxx.o -c /home/lihuen/Documents/lab3/part2/AtlasThingMiddleware_RPI-master/lib/CMakeFiles/CMakeScratch/TryCompile-yvKGo3/src.cxx
Linking CXX executable cmTC_33c8a
/usr/bin/cmake -E cmake_link_script CMakeFiles/cmTC_33c8a.dir/link.txt --verbose=1
/usr/bin/c++ -rdynamic CMakeFiles/cmTC_33c8a.dir/src.cxx.o -o cmTC_33c8a 
gmake[1]: Leaving directory '/home/lihuen/Documents/lab3/part2/AtlasThingMiddleware_RPI-master/lib/CMakeFiles/CMakeScratch/TryCompile-yvKGo3'


Source file was:
int main() { return 0; }

Performing C++ SOURCE FILE Test HAS_CXX_FLAG__Wnon_virtual_dtor succeeded with the following output:
Change Dir: /home/lihuen/Documents/lab3/part2/AtlasThingMiddleware_RPI-master/lib/CMakeFiles/CMakeScratch/TryCompile-CXX5pf

Run Build Command(s):/usr/bin/gmake -f Makefile cmTC_abf4c/fast && /usr/bin/gmake  -f CMakeFiles/cmTC_abf4c.dir/build.make CMakeFiles/cmTC_abf4c.dir/build
gmake[1]: Entering directory '/home/lihuen/Documents/lab3/part2/AtlasThingMiddleware_RPI-master/lib/CMakeFiles/CMakeScratch/TryCompile-CXX5pf'
Building CXX object CMakeFiles/cmTC_abf4c.dir/src.cxx.o
/usr/bin/c++ -DHAS_CXX_FLAG__Wnon_virtual_dtor  -Wnon-virtual-dtor -o CMakeFiles/cmTC_abf4c.dir/src.cxx.o -c /home/lihuen/Documents/lab3/part2/AtlasThingMiddleware_RPI-master/lib/CMakeFiles/CMakeScratch/TryCompile-CXX5pf/src.cxx
Linking CXX executable cmTC_abf4c
/usr/bin/cmake -E cmake_link_script CMakeFiles/cmTC_abf4c.dir/link.txt --verbose=1
/usr/bin/c++ -rdynamic CMakeFiles/cmTC_abf4c.dir/src.cxx.o -o cmTC_abf4c 
gmake[1]: Leaving directory '/home/lihuen/Documents/lab3/part2/AtlasThingMiddleware_RPI-master/lib/CMakeFiles/CMakeScratch/TryCompile-CXX5pf'


Source file was:
int main() { return 0; }

Performing C++ SOURCE FILE Test HAS_CXX_FLAG__Wold_style_cast succeeded with the following output:
Change Dir: /home/lihuen/Documents/lab3/part2/AtlasThingMiddleware_RPI-master/lib/CMakeFiles/CMakeScratch/TryCompile-q1YNhp

Run Build Command(s):/usr/bin/gmake -f Makefile cmTC_9f5ce/fast && /usr/bin/gmake  -f CMakeFiles/cmTC_9f5ce.dir/build.make CMakeFiles/cmTC_9f5ce.dir/build
gmake[1]: Entering directory '/home/lihuen/Documents/lab3/part2/AtlasThingMiddleware_RPI-master/lib/CMakeFiles/CMakeScratch/TryCompile-q1YNhp'
Building CXX object CMakeFiles/cmTC_9f5ce.dir/src.cxx.o
/usr/bin/c++ -DHAS_CXX_FLAG__Wold_style_cast  -Wold-style-cast -o CMakeFiles/cmTC_9f5ce.dir/src.cxx.o -c /home/lihuen/Documents/lab3/part2/AtlasThingMiddleware_RPI-master/lib/CMakeFiles/CMakeScratch/TryCompile-q1YNhp/src.cxx
Linking CXX executable cmTC_9f5ce
/usr/bin/cmake -E cmake_link_script CMakeFiles/cmTC_9f5ce.dir/link.txt --verbose=1
/usr/bin/c++ -rdynamic CMakeFiles/cmTC_9f5ce.dir/src.cxx.o -o cmTC_9f5ce 
gmake[1]: Leaving directory '/home/lihuen/Documents/lab3/part2/AtlasThingMiddleware_RPI-master/lib/CMakeFiles/CMakeScratch/TryCompile-q1YNhp'


Source file was:
int main() { return 0; }

Performing C++ SOURCE FILE Test HAS_CXX_FLAG__Wstrict_null_sentinel succeeded with the following output:
Change Dir: /home/lihuen/Documents/lab3/part2/AtlasThingMiddleware_RPI-master/lib/CMakeFiles/CMakeScratch/TryCompile-o4hyuk

Run Build Command(s):/usr/bin/gmake -f Makefile cmTC_e405f/fast && /usr/bin/gmake  -f CMakeFiles/cmTC_e405f.dir/build.make CMakeFiles/cmTC_e405f.dir/build
gmake[1]: Entering directory '/home/lihuen/Documents/lab3/part2/AtlasThingMiddleware_RPI-master/lib/CMakeFiles/CMakeScratch/TryCompile-o4hyuk'
Building CXX object CMakeFiles/cmTC_e405f.dir/src.cxx.o
/usr/bin/c++ -DHAS_CXX_FLAG__Wstrict_null_sentinel  -Wstrict-null-sentinel -o CMakeFiles/cmTC_e405f.dir/src.cxx.o -c /home/lihuen/Documents/lab3/part2/AtlasThingMiddleware_RPI-master/lib/CMakeFiles/CMakeScratch/TryCompile-o4hyuk/src.cxx
Linking CXX executable cmTC_e405f
/usr/bin/cmake -E cmake_link_script CMakeFiles/cmTC_e405f.dir/link.txt --verbose=1
/usr/bin/c++ -rdynamic CMakeFiles/cmTC_e405f.dir/src.cxx.o -o cmTC_e405f 
gmake[1]: Leaving directory '/home/lihuen/Documents/lab3/part2/AtlasThingMiddleware_RPI-master/lib/CMakeFiles/CMakeScratch/TryCompile-o4hyuk'


Source file was:
int main() { return 0; }

Performing C++ SOURCE FILE Test HAS_CXX_FLAG__Wsign_promo succeeded with the following output:
Change Dir: /home/lihuen/Documents/lab3/part2/AtlasThingMiddleware_RPI-master/lib/CMakeFiles/CMakeScratch/TryCompile-UNpyhT

Run Build Command(s):/usr/bin/gmake -f Makefile cmTC_6a1d4/fast && /usr/bin/gmake  -f CMakeFiles/cmTC_6a1d4.dir/build.make CMakeFiles/cmTC_6a1d4.dir/build
gmake[1]: Entering directory '/home/lihuen/Documents/lab3/part2/AtlasThingMiddleware_RPI-master/lib/CMakeFiles/CMakeScratch/TryCompile-UNpyhT'
Building CXX object CMakeFiles/cmTC_6a1d4.dir/src.cxx.o
/usr/bin/c++ -DHAS_CXX_FLAG__Wsign_promo  -Wsign-promo -o CMakeFiles/cmTC_6a1d4.dir/src.cxx.o -c /home/lihuen/Documents/lab3/part2/AtlasThingMiddleware_RPI-master/lib/CMakeFiles/CMakeScratch/TryCompile-UNpyhT/src.cxx
Linking CXX executable cmTC_6a1d4
/usr/bin/cmake -E cmake_link_script CMakeFiles/cmTC_6a1d4.dir/link.txt --verbose=1
/usr/bin/c++ -rdynamic CMakeFiles/cmTC_6a1d4.dir/src.cxx.o -o cmTC_6a1d4 
gmake[1]: Leaving directory '/home/lihuen/Documents/lab3/part2/AtlasThingMiddleware_RPI-master/lib/CMakeFiles/CMakeScratch/TryCompile-UNpyhT'


Source file was:
int main() { return 0; }

Performing C++ SOURCE FILE Test HAS_CXX_FLAG__fdiagnostics_show_option succeeded with the following output:
Change Dir: /home/lihuen/Documents/lab3/part2/AtlasThingMiddleware_RPI-master/lib/CMakeFiles/CMakeScratch/TryCompile-7ESWHA

Run Build Command(s):/usr/bin/gmake -f Makefile cmTC_39f21/fast && /usr/bin/gmake  -f CMakeFiles/cmTC_39f21.dir/build.make CMakeFiles/cmTC_39f21.dir/build
gmake[1]: Entering directory '/home/lihuen/Documents/lab3/part2/AtlasThingMiddleware_RPI-master/lib/CMakeFiles/CMakeScratch/TryCompile-7ESWHA'
Building CXX object CMakeFiles/cmTC_39f21.dir/src.cxx.o
/usr/bin/c++ -DHAS_CXX_FLAG__fdiagnostics_show_option  -fdiagnostics-show-option -o CMakeFiles/cmTC_39f21.dir/src.cxx.o -c /home/lihuen/Documents/lab3/part2/AtlasThingMiddleware_RPI-master/lib/CMakeFiles/CMakeScratch/TryCompile-7ESWHA/src.cxx
Linking CXX executable cmTC_39f21
/usr/bin/cmake -E cmake_link_script CMakeFiles/cmTC_39f21.dir/link.txt --verbose=1
/usr/bin/c++ -rdynamic CMakeFiles/cmTC_39f21.dir/src.cxx.o -o cmTC_39f21 
gmake[1]: Leaving directory '/home/lihuen/Documents/lab3/part2/AtlasThingMiddleware_RPI-master/lib/CMakeFiles/CMakeScratch/TryCompile-7ESWHA'


Source file was:
int main() { return 0; }

Performing C++ SOURCE FILE Test HAS_CXX_FLAG__fvisibility_hidden_fvisibility_inlines_hidden succeeded with the following output:
Change Dir: /home/lihuen/Documents/lab3/part2/AtlasThingMiddleware_RPI-master/lib/CMakeFiles/CMakeScratch/TryCompile-hReTsp

Run Build Command(s):/usr/bin/gmake -f Makefile cmTC_18c34/fast && /usr/bin/gmake  -f CMakeFiles/cmTC_18c34.dir/build.make CMakeFiles/cmTC_18c34.dir/build
gmake[1]: Entering directory '/home/lihuen/Documents/lab3/part2/AtlasThingMiddleware_RPI-master/lib/CMakeFiles/CMakeScratch/TryCompile-hReTsp'
Building CXX object CMakeFiles/cmTC_18c34.dir/src.cxx.o
/usr/bin/c++ -DHAS_CXX_FLAG__fvisibility_hidden_fvisibility_inlines_hidden  -fvisibility=hidden -fvisibility-inlines-hidden -o CMakeFiles/cmTC_18c34.dir/src.cxx.o -c /home/lihuen/Documents/lab3/part2/AtlasThingMiddleware_RPI-master/lib/CMakeFiles/CMakeScratch/TryCompile-hReTsp/src.cxx
Linking CXX executable cmTC_18c34
/usr/bin/cmake -E cmake_link_script CMakeFiles/cmTC_18c34.dir/link.txt --verbose=1
/usr/bin/c++ -rdynamic CMakeFiles/cmTC_18c34.dir/src.cxx.o -o cmTC_18c34 
gmake[1]: Leaving directory '/home/lihuen/Documents/lab3/part2/AtlasThingMiddleware_RPI-master/lib/CMakeFiles/CMakeScratch/TryCompile-hReTsp'


Source file was:
int main() { return 0; }

Performing C++ SOURCE FILE Test HAS_CXX_FLAG__O1_D_FORTIFY_SOURCE_2 succeeded with the following output:
Change Dir: /home/lihuen/Documents/lab3/part2/AtlasThingMiddleware_RPI-master/lib/CMakeFiles/CMakeScratch/TryCompile-o5Hpfq

Run Build Command(s):/usr/bin/gmake -f Makefile cmTC_4a97c/fast && /usr/bin/gmake  -f CMakeFiles/cmTC_4a97c.dir/build.make CMakeFiles/cmTC_4a97c.dir/build
gmake[1]: Entering directory '/home/lihuen/Documents/lab3/part2/AtlasThingMiddleware_RPI-master/lib/CMakeFiles/CMakeScratch/TryCompile-o5Hpfq'
Building CXX object CMakeFiles/cmTC_4a97c.dir/src.cxx.o
/usr/bin/c++ -DHAS_CXX_FLAG__O1_D_FORTIFY_SOURCE_2  -O1 -D_FORTIFY_SOURCE=2 -o CMakeFiles/cmTC_4a97c.dir/src.cxx.o -c /home/lihuen/Documents/lab3/part2/AtlasThingMiddleware_RPI-master/lib/CMakeFiles/CMakeScratch/TryCompile-o5Hpfq/src.cxx
Linking CXX executable cmTC_4a97c
/usr/bin/cmake -E cmake_link_script CMakeFiles/cmTC_4a97c.dir/link.txt --verbose=1
/usr/bin/c++ -rdynamic CMakeFiles/cmTC_4a97c.dir/src.cxx.o -o cmTC_4a97c 
gmake[1]: Leaving directory '/home/lihuen/Documents/lab3/part2/AtlasThingMiddleware_RPI-master/lib/CMakeFiles/CMakeScratch/TryCompile-o5Hpfq'


Source file was:
int main() { return 0; }

Performing C++ SOURCE FILE Test HAS_CXX_FLAG__O1_fsanitize_thread succeeded with the following output:
Change Dir: /home/lihuen/Documents/lab3/part2/AtlasThingMiddleware_RPI-master/lib/CMakeFiles/CMakeScratch/TryCompile-tbzS5n

Run Build Command(s):/usr/bin/gmake -f Makefile cmTC_fd8c2/fast && /usr/bin/gmake  -f CMakeFiles/cmTC_fd8c2.dir/build.make CMakeFiles/cmTC_fd8c2.dir/build
gmake[1]: Entering directory '/home/lihuen/Documents/lab3/part2/AtlasThingMiddleware_RPI-master/lib/CMakeFiles/CMakeScratch/TryCompile-tbzS5n'
Building CXX object CMakeFiles/cmTC_fd8c2.dir/src.cxx.o
/usr/bin/c++ -DHAS_CXX_FLAG__O1_fsanitize_thread  -O1 -fsanitize=thread -o CMakeFiles/cmTC_fd8c2.dir/src.cxx.o -c /home/lihuen/Documents/lab3/part2/AtlasThingMiddleware_RPI-master/lib/CMakeFiles/CMakeScratch/TryCompile-tbzS5n/src.cxx
Linking CXX executable cmTC_fd8c2
/usr/bin/cmake -E cmake_link_script CMakeFiles/cmTC_fd8c2.dir/link.txt --verbose=1
/usr/bin/c++ -rdynamic CMakeFiles/cmTC_fd8c2.dir/src.cxx.o -o cmTC_fd8c2  -fsanitize=thread 
gmake[1]: Leaving directory '/home/lihuen/Documents/lab3/part2/AtlasThingMiddleware_RPI-master/lib/CMakeFiles/CMakeScratch/TryCompile-tbzS5n'


Source file was:
int main() { return 0; }

Performing C++ SOURCE FILE Test HAS_CXX_FLAG__fprofile_arcs_ftest_coverage succeeded with the following output:
Change Dir: /home/lihuen/Documents/lab3/part2/AtlasThingMiddleware_RPI-master/lib/CMakeFiles/CMakeScratch/TryCompile-o3XsNC

Run Build Command(s):/usr/bin/gmake -f Makefile cmTC_2cc87/fast && /usr/bin/gmake  -f CMakeFiles/cmTC_2cc87.dir/build.make CMakeFiles/cmTC_2cc87.dir/build
gmake[1]: Entering directory '/home/lihuen/Documents/lab3/part2/AtlasThingMiddleware_RPI-master/lib/CMakeFiles/CMakeScratch/TryCompile-o3XsNC'
Building CXX object CMakeFiles/cmTC_2cc87.dir/src.cxx.o
/usr/bin/c++ -DHAS_CXX_FLAG__fprofile_arcs_ftest_coverage  -fprofile-arcs -ftest-coverage -o CMakeFiles/cmTC_2cc87.dir/src.cxx.o -c /home/lihuen/Documents/lab3/part2/AtlasThingMiddleware_RPI-master/lib/CMakeFiles/CMakeScratch/TryCompile-o3XsNC/src.cxx
Linking CXX executable cmTC_2cc87
/usr/bin/cmake -E cmake_link_script CMakeFiles/cmTC_2cc87.dir/link.txt --verbose=1
/usr/bin/c++ -rdynamic CMakeFiles/cmTC_2cc87.dir/src.cxx.o -o cmTC_2cc87  -fprofile-arcs -ftest-coverage 
gmake[1]: Leaving directory '/home/lihuen/Documents/lab3/part2/AtlasThingMiddleware_RPI-master/lib/CMakeFiles/CMakeScratch/TryCompile-o3XsNC'


Source file was:
int main() { return 0; }

Performing C SOURCE FILE Test CMAKE_HAVE_LIBC_PTHREAD succeeded with the following output:
Change Dir: /home/lihuen/Documents/lab3/part2/AtlasThingMiddleware_RPI-master/lib/CMakeFiles/CMakeScratch/TryCompile-gVbksq

Run Build Command(s):/usr/bin/gmake -f Makefile cmTC_47b0c/fast && /usr/bin/gmake  -f CMakeFiles/cmTC_47b0c.dir/build.make CMakeFiles/cmTC_47b0c.dir/build
gmake[1]: Entering directory '/home/lihuen/Documents/lab3/part2/AtlasThingMiddleware_RPI-master/lib/CMakeFiles/CMakeScratch/TryCompile-gVbksq'
Building C object CMakeFiles/cmTC_47b0c.dir/src.c.o
/usr/bin/cc -DCMAKE_HAVE_LIBC_PTHREAD   -o CMakeFiles/cmTC_47b0c.dir/src.c.o -c /home/lihuen/Documents/lab3/part2/AtlasThingMiddleware_RPI-master/lib/CMakeFiles/CMakeScratch/TryCompile-gVbksq/src.c
Linking C executable cmTC_47b0c
/usr/bin/cmake -E cmake_link_script CMakeFiles/cmTC_47b0c.dir/link.txt --verbose=1
/usr/bin/cc -rdynamic CMakeFiles/cmTC_47b0c.dir/src.c.o -o cmTC_47b0c 
gmake[1]: Leaving directory '/home/lihuen/Documents/lab3/part2/AtlasThingMiddleware_RPI-master/lib/CMakeFiles/CMakeScratch/TryCompile-gVbksq'


Source file was:
#include <pthread.h>

static void* test_func(void* data)
{
  return data;
}

int main(void)
{
  pthread_t thread;
  pthread_create(&thread, NULL, test_func, NULL);
  pthread_detach(thread);
  pthread_cancel(thread);
  pthread_join(thread, NULL);
  pthread_atfork(NULL, NULL, NULL);
  pthread_exit(NULL);

  return 0;
}


Performing C++ SOURCE FILE Test HAS_CXX_FLAG__Wl__no_undefined succeeded with the following output:
Change Dir: /home/lihuen/Documents/lab3/part2/AtlasThingMiddleware_RPI-master/lib/CMakeFiles/CMakeScratch/TryCompile-7Kqsfc

Run Build Command(s):/usr/bin/gmake -f Makefile cmTC_50866/fast && /usr/bin/gmake  -f CMakeFiles/cmTC_50866.dir/build.make CMakeFiles/cmTC_50866.dir/build
gmake[1]: Entering directory '/home/lihuen/Documents/lab3/part2/AtlasThingMiddleware_RPI-master/lib/CMakeFiles/CMakeScratch/TryCompile-7Kqsfc'
Building CXX object CMakeFiles/cmTC_50866.dir/src.cxx.o
/usr/bin/c++ -DHAS_CXX_FLAG__Wl__no_undefined  -Wl,--no-undefined -o CMakeFiles/cmTC_50866.dir/src.cxx.o -c /home/lihuen/Documents/lab3/part2/AtlasThingMiddleware_RPI-master/lib/CMakeFiles/CMakeScratch/TryCompile-7Kqsfc/src.cxx
Linking CXX executable cmTC_50866
/usr/bin/cmake -E cmake_link_script CMakeFiles/cmTC_50866.dir/link.txt --verbose=1
/usr/bin/c++ -rdynamic CMakeFiles/cmTC_50866.dir/src.cxx.o -o cmTC_50866 
gmake[1]: Leaving directory '/home/lihuen/Documents/lab3/part2/AtlasThingMiddleware_RPI-master/lib/CMakeFiles/CMakeScratch/TryCompile-7Kqsfc'


Source file was:
int main() { return 0; }

Determining if the include file cxxabi.h exists passed with the following output:
Change Dir: /home/lihuen/Documents/lab3/part2/AtlasThingMiddleware_RPI-master/lib/CMakeFiles/CMakeScratch/TryCompile-xCxutD

Run Build Command(s):/usr/bin/gmake -f Makefile cmTC_327e8/fast && /usr/bin/gmake  -f CMakeFiles/cmTC_327e8.dir/build.make CMakeFiles/cmTC_327e8.dir/build
gmake[1]: Entering directory '/home/lihuen/Documents/lab3/part2/AtlasThingMiddleware_RPI-master/lib/CMakeFiles/CMakeScratch/TryCompile-xCxutD'
Building CXX object CMakeFiles/cmTC_327e8.dir/CheckIncludeFile.cxx.o
/usr/bin/c++   -fstack-protector-all -Werror -Wall -Wextra -Wpointer-arith -Winvalid-pch -Wcast-align -Wwrite-strings -Woverloaded-virtual -Wnon-virtual-dtor -Wold-style-cast -Wstrict-null-sentinel -Wsign-promo -fdiagnostics-show-option  -fvisibility=hidden -fvisibility-inlines-hidden -fPIC -Wno-error=deprecated-declarations  -o CMakeFiles/cmTC_327e8.dir/CheckIncludeFile.cxx.o -c /home/lihuen/Documents/lab3/part2/AtlasThingMiddleware_RPI-master/lib/CMakeFiles/CMakeScratch/TryCompile-xCxutD/CheckIncludeFile.cxx
Linking CXX executable cmTC_327e8
/usr/bin/cmake -E cmake_link_script CMakeFiles/cmTC_327e8.dir/link.txt --verbose=1
/usr/bin/c++   -fstack-protector-all -Werror -Wall -Wextra -Wpointer-arith -Winvalid-pch -Wcast-align -Wwrite-strings -Woverloaded-virtual -Wnon-virtual-dtor -Wold-style-cast -Wstrict-null-sentinel -Wsign-promo -fdiagnostics-show-option  -fvisibility=hidden -fvisibility-inlines-hidden -fPIC -Wno-error=deprecated-declarations  -rdynamic CMakeFiles/cmTC_327e8.dir/CheckIncludeFile.cxx.o -o cmTC_327e8 
gmake[1]: Leaving directory '/home/lihuen/Documents/lab3/part2/AtlasThingMiddleware_RPI-master/lib/CMakeFiles/CMakeScratch/TryCompile-xCxutD'



Performing C++ SOURCE FILE Test HAS_CXX_FLAG__Wno_switch succeeded with the following output:
Change Dir: /home/lihuen/Documents/lab3/part2/AtlasThingMiddleware_RPI-master/lib/CMakeFiles/CMakeScratch/TryCompile-GT9XZT

Run Build Command(s):/usr/bin/gmake -f Makefile cmTC_311cf/fast && /usr/bin/gmake  -f CMakeFiles/cmTC_311cf.dir/build.make CMakeFiles/cmTC_311cf.dir/build
gmake[1]: Entering directory '/home/lihuen/Documents/lab3/part2/AtlasThingMiddleware_RPI-master/lib/CMakeFiles/CMakeScratch/TryCompile-GT9XZT'
Building CXX object CMakeFiles/cmTC_311cf.dir/src.cxx.o
/usr/bin/c++ -DHAS_CXX_FLAG__Wno_switch  -Wno-switch -o CMakeFiles/cmTC_311cf.dir/src.cxx.o -c /home/lihuen/Documents/lab3/part2/AtlasThingMiddleware_RPI-master/lib/CMakeFiles/CMakeScratch/TryCompile-GT9XZT/src.cxx
Linking CXX executable cmTC_311cf
/usr/bin/cmake -E cmake_link_script CMakeFiles/cmTC_311cf.dir/link.txt --verbose=1
/usr/bin/c++ -rdynamic CMakeFiles/cmTC_311cf.dir/src.cxx.o -o cmTC_311cf 
gmake[1]: Leaving directory '/home/lihuen/Documents/lab3/part2/AtlasThingMiddleware_RPI-master/lib/CMakeFiles/CMakeScratch/TryCompile-GT9XZT'


Source file was:
int main() { return 0; }

